ARM GAS  C:\Users\marti\AppData\Local\Temp\cc1xyQ5X.s 			page 1


   1              		.syntax unified
   2              		.cpu cortex-m3
   3              		.fpu softvfp
   4              		.eabi_attribute 20, 1
   5              		.eabi_attribute 21, 1
   6              		.eabi_attribute 23, 3
   7              		.eabi_attribute 24, 1
   8              		.eabi_attribute 25, 1
   9              		.eabi_attribute 26, 1
  10              		.eabi_attribute 30, 1
  11              		.eabi_attribute 34, 1
  12              		.eabi_attribute 18, 4
  13              		.thumb
  14              		.syntax unified
  15              		.file	"main.c"
  16              		.text
  17              	.Ltext0:
  18              		.cfi_sections	.debug_frame
  19              		.section	.text.main,"ax",%progbits
  20              		.align	2
  21              		.global	main
  22              		.thumb
  23              		.thumb_func
  24              		.type	main, %function
  25              	main:
  26              	.LFB64:
  27              		.file 1 "main.c"
   1:main.c        **** /* ========================================
   2:main.c        ****  *
   3:main.c        ****  * Copyright YOUR COMPANY, THE YEAR
   4:main.c        ****  * All Rights Reserved
   5:main.c        ****  * UNPUBLISHED, LICENSED SOFTWARE.
   6:main.c        ****  *
   7:main.c        ****  * CONFIDENTIAL AND PROPRIETARY INFORMATION
   8:main.c        ****  * WHICH IS THE PROPERTY OF your company.
   9:main.c        ****  *
  10:main.c        ****  * ========================================
  11:main.c        **** */
  12:main.c        **** 
  13:main.c        **** // Include header files
  14:main.c        **** #include "I2C_Interface.h"
  15:main.c        **** #include "project.h"
  16:main.c        **** #include "stdio.h"
  17:main.c        **** 
  18:main.c        **** //Brief slave device address
  19:main.c        **** #define LIS3DH_DEVICE_ADDRESS 0x18
  20:main.c        **** 
  21:main.c        **** //Brief WHO AM I register address
  22:main.c        **** #define LIS3DH_WHO_AM_I_REG_ADDR 0x0F
  23:main.c        **** 
  24:main.c        **** //Brief STATUS REGISTER address
  25:main.c        **** #define LIS3DH_STATUS_REG 0x27
  26:main.c        **** 
  27:main.c        **** //Brieg CONTROL REGISTER 1 address
  28:main.c        **** #define LIS3DH_CTRL_REG1 0x20
  29:main.c        **** 
  30:main.c        **** /*Brief HEX value for CONTROL REGISTER 1: High resolution mode at 100 Hz
ARM GAS  C:\Users\marti\AppData\Local\Temp\cc1xyQ5X.s 			page 2


  31:main.c        **** CTRL_REG1[3]=LPen=0 (HR mode);
  32:main.c        **** CTRL_REG1[7:4]=ODR[3:0]=0101 (100 Hz)*/
  33:main.c        **** #define LIS3DH_NORMAL_MODE_100_HZ_CTRL_REG1 0x57
  34:main.c        **** 
  35:main.c        **** 
  36:main.c        **** //Brief CONTROL REGISTER 4 address
  37:main.c        **** #define LIS3DH_CTRL_REG4 0x23
  38:main.c        **** /*Brief HEX value for CONTROL REGISTER 4: +- 4.0 g FSR
  39:main.c        **** CTRL_REG4[3]=1 (High resolution enabled)
  40:main.c        **** CTRL_REG4[5:4]=FS[1:0]=01 (4.0 g FSR) */
  41:main.c        **** #define LIS3DH_CTRL_REG4_2g 0x98
  42:main.c        **** 
  43:main.c        **** //Brief OUT_X_L register address (x-axis output LSB)
  44:main.c        **** #define LIS3DH_OUT_X_L 0x28
  45:main.c        **** 
  46:main.c        **** //Brief OUT_Y_L register address (y-axis output LSB)
  47:main.c        **** #define LIS3DH_OUT_Y_L 0x2A
  48:main.c        **** 
  49:main.c        **** //Brief OUT_Z_L register address (z-axis output LSB)
  50:main.c        **** #define LIS3DH_OUT_Z_L 0x2C
  51:main.c        **** 
  52:main.c        **** 
  53:main.c        **** int main(void)
  54:main.c        **** {
  28              		.loc 1 54 0
  29              		.cfi_startproc
  30              		@ args = 0, pretend = 0, frame = 24
  31              		@ frame_needed = 0, uses_anonymous_args = 0
  32 0000 00B5     		push	{lr}
  33              		.cfi_def_cfa_offset 4
  34              		.cfi_offset 14, -4
  35 0002 87B0     		sub	sp, sp, #28
  36              		.cfi_def_cfa_offset 32
  55:main.c        ****     CyGlobalIntEnable; 
  37              		.loc 1 55 0
  38              		.syntax unified
  39              	@ 55 "main.c" 1
  40 0004 62B6     		CPSIE   i
  41              	@ 0 "" 2
  56:main.c        ****     
  57:main.c        ****     //Initialization
  58:main.c        ****     I2C_Peripheral_Start();
  42              		.loc 1 58 0
  43              		.thumb
  44              		.syntax unified
  45 0006 FFF7FEFF 		bl	I2C_Peripheral_Start
  46              	.LVL0:
  59:main.c        ****     UART_Debug_Start();
  47              		.loc 1 59 0
  48 000a FFF7FEFF 		bl	UART_Debug_Start
  49              	.LVL1:
  60:main.c        ****     
  61:main.c        ****     //"The boot procedure is complete about 5 milliseconds after device power-up."
  62:main.c        ****     CyDelay(5); 
  50              		.loc 1 62 0
  51 000e 0520     		movs	r0, #5
  52 0010 FFF7FEFF 		bl	CyDelay
ARM GAS  C:\Users\marti\AppData\Local\Temp\cc1xyQ5X.s 			page 3


  53              	.LVL2:
  63:main.c        ****    
  64:main.c        ****     //Reading CONTROL REGISTER 1
  65:main.c        ****     uint8_t ctrl_reg1; 
  66:main.c        ****     ErrorCode error = I2C_Peripheral_ReadRegister(LIS3DH_DEVICE_ADDRESS,
  54              		.loc 1 66 0
  55 0014 0DF11702 		add	r2, sp, #23
  56 0018 2021     		movs	r1, #32
  57 001a 1820     		movs	r0, #24
  58 001c FFF7FEFF 		bl	I2C_Peripheral_ReadRegister
  59              	.LVL3:
  67:main.c        ****                                         LIS3DH_CTRL_REG1,
  68:main.c        ****                                         &ctrl_reg1);
  69:main.c        ****     //Writing CONTROL REGISTER 1
  70:main.c        ****     if (ctrl_reg1 != LIS3DH_NORMAL_MODE_100_HZ_CTRL_REG1)
  60              		.loc 1 70 0
  61 0020 9DF81730 		ldrb	r3, [sp, #23]	@ zero_extendqisi2
  62 0024 572B     		cmp	r3, #87
  63 0026 06D0     		beq	.L2
  71:main.c        ****     {
  72:main.c        ****         ctrl_reg1 = LIS3DH_NORMAL_MODE_100_HZ_CTRL_REG1;
  64              		.loc 1 72 0
  65 0028 5722     		movs	r2, #87
  66 002a 8DF81720 		strb	r2, [sp, #23]
  73:main.c        ****         error = I2C_Peripheral_WriteRegister(LIS3DH_DEVICE_ADDRESS,
  67              		.loc 1 73 0
  68 002e 2021     		movs	r1, #32
  69 0030 1820     		movs	r0, #24
  70 0032 FFF7FEFF 		bl	I2C_Peripheral_WriteRegister
  71              	.LVL4:
  72              	.L2:
  74:main.c        ****                                              LIS3DH_CTRL_REG1,
  75:main.c        ****                                              ctrl_reg1);  
  76:main.c        ****     }
  77:main.c        ****    
  78:main.c        ****     // Reading CONTROL REGISTER 4   
  79:main.c        ****     uint8_t ctrl_reg4;
  80:main.c        ****     error = I2C_Peripheral_ReadRegister(LIS3DH_DEVICE_ADDRESS,
  73              		.loc 1 80 0
  74 0036 0DF11602 		add	r2, sp, #22
  75 003a 2321     		movs	r1, #35
  76 003c 1820     		movs	r0, #24
  77 003e FFF7FEFF 		bl	I2C_Peripheral_ReadRegister
  78              	.LVL5:
  81:main.c        ****                                         LIS3DH_CTRL_REG4,
  82:main.c        ****                                         &ctrl_reg4); 
  83:main.c        ****     // Writing CONTROL REGISTER 4
  84:main.c        ****     if (ctrl_reg4 != LIS3DH_CTRL_REG4_2g)
  79              		.loc 1 84 0
  80 0042 9DF81630 		ldrb	r3, [sp, #22]	@ zero_extendqisi2
  81 0046 982B     		cmp	r3, #152
  82 0048 06D0     		beq	.L3
  85:main.c        ****     {
  86:main.c        ****         ctrl_reg4 = LIS3DH_CTRL_REG4_2g;
  83              		.loc 1 86 0
  84 004a 9822     		movs	r2, #152
  85 004c 8DF81620 		strb	r2, [sp, #22]
ARM GAS  C:\Users\marti\AppData\Local\Temp\cc1xyQ5X.s 			page 4


  87:main.c        ****         error = I2C_Peripheral_WriteRegister(LIS3DH_DEVICE_ADDRESS,
  86              		.loc 1 87 0
  87 0050 2321     		movs	r1, #35
  88 0052 1820     		movs	r0, #24
  89 0054 FFF7FEFF 		bl	I2C_Peripheral_WriteRegister
  90              	.LVL6:
  91              	.L3:
  88:main.c        ****                                          LIS3DH_CTRL_REG4,
  89:main.c        ****                                          ctrl_reg4);
  90:main.c        ****     }
  91:main.c        ****     
  92:main.c        ****      //Brief output acceleration data variables:
  93:main.c        ****     uint8_t AccelerationData[6];
  94:main.c        ****     #define HR_SENSITIVITY 2;
  95:main.c        ****     //x-axis
  96:main.c        ****     int16_t X_Out;
  97:main.c        ****     int16_t X_Out_mg;
  98:main.c        ****     //y-axis
  99:main.c        ****     int16_t Y_Out;
 100:main.c        ****     int16_t Y_Out_mg;
 101:main.c        ****     //z-axis
 102:main.c        ****     int16_t Z_Out;
 103:main.c        ****     int16_t Z_Out_mg;
 104:main.c        ****     
 105:main.c        ****     uint8_t OutArray[8];
 106:main.c        ****     
 107:main.c        ****     #define HEADER 0xA0
 108:main.c        ****     #define FOOTER 0xC0
 109:main.c        ****     
 110:main.c        ****     //Header and footer for communication w/ Bridge Control Panel
 111:main.c        ****     OutArray[0]=HEADER;
  92              		.loc 1 111 0
  93 0058 A023     		movs	r3, #160
  94 005a 8DF80830 		strb	r3, [sp, #8]
 112:main.c        ****     OutArray[7]=FOOTER;
  95              		.loc 1 112 0
  96 005e C023     		movs	r3, #192
  97 0060 8DF80F30 		strb	r3, [sp, #15]
  98              	.L5:
  99              	.LBB2:
 113:main.c        ****     
 114:main.c        ****     for(;;)
 115:main.c        ****     {
 116:main.c        ****         CyDelay(100);
 100              		.loc 1 116 0
 101 0064 6420     		movs	r0, #100
 102 0066 FFF7FEFF 		bl	CyDelay
 103              	.LVL7:
 117:main.c        ****         
 118:main.c        ****        //Reading STATUS REGISTER to check for data availability
 119:main.c        ****        uint8_t status_reg;
 120:main.c        ****        error = I2C_Peripheral_ReadRegister(LIS3DH_DEVICE_ADDRESS,
 104              		.loc 1 120 0
 105 006a 0DF10702 		add	r2, sp, #7
 106 006e 2721     		movs	r1, #39
 107 0070 1820     		movs	r0, #24
 108 0072 FFF7FEFF 		bl	I2C_Peripheral_ReadRegister
ARM GAS  C:\Users\marti\AppData\Local\Temp\cc1xyQ5X.s 			page 5


 109              	.LVL8:
 121:main.c        ****                                         LIS3DH_STATUS_REG,
 122:main.c        ****                                         &status_reg);
 123:main.c        ****         if (error == NO_ERROR)
 110              		.loc 1 123 0
 111 0076 0028     		cmp	r0, #0
 112 0078 F4D1     		bne	.L5
 124:main.c        ****         {
 125:main.c        ****             // Check if new data is available (STATUS_REG[3]=ZYXDA=1)
 126:main.c        ****             if ((status_reg & 0x08) > 0)
 113              		.loc 1 126 0
 114 007a 9DF80730 		ldrb	r3, [sp, #7]	@ zero_extendqisi2
 115 007e 13F0080F 		tst	r3, #8
 116 0082 EFD0     		beq	.L5
 127:main.c        ****             {
 128:main.c        ****                     //Multiple register reading starting from OUT_X_L
 129:main.c        ****                     error=I2C_Peripheral_ReadRegisterMulti(LIS3DH_DEVICE_ADDRESS,
 117              		.loc 1 129 0
 118 0084 04AB     		add	r3, sp, #16
 119 0086 0622     		movs	r2, #6
 120 0088 2821     		movs	r1, #40
 121 008a 1820     		movs	r0, #24
 122              	.LVL9:
 123 008c FFF7FEFF 		bl	I2C_Peripheral_ReadRegisterMulti
 124              	.LVL10:
 130:main.c        **** 												LIS3DH_OUT_X_L, 6,
 131:main.c        **** 												AccelerationData); 
 132:main.c        ****                     if (error == NO_ERROR)
 125              		.loc 1 132 0
 126 0090 0028     		cmp	r0, #0
 127 0092 E7D1     		bne	.L5
 133:main.c        ****                     {
 134:main.c        ****                     
 135:main.c        ****                         // Conversion of output data into right-justified 16 bit int (x-axis)
 136:main.c        ****                         X_Out=(int16)(AccelerationData[0] | (AccelerationData[1] << 8)) >> 4;
 128              		.loc 1 136 0
 129 0094 9DF81030 		ldrb	r3, [sp, #16]	@ zero_extendqisi2
 130 0098 9DF81120 		ldrb	r2, [sp, #17]	@ zero_extendqisi2
 131 009c 43EA0223 		orr	r3, r3, r2, lsl #8
 132 00a0 43F30B13 		sbfx	r3, r3, #4, #12
 133              	.LVL11:
 137:main.c        ****                         //Data * sensitivity (HR mode) = [mg] (x-axis)
 138:main.c        ****                         X_Out_mg= X_Out*HR_SENSITIVITY;
 134              		.loc 1 138 0
 135 00a4 5B00     		lsls	r3, r3, #1
 136              	.LVL12:
 137 00a6 9BB2     		uxth	r3, r3
 138              	.LVL13:
 139:main.c        ****                         //MSB (x-axis)
 140:main.c        ****                         OutArray[1]=(uint8_t)(X_Out_mg >> 8);
 139              		.loc 1 140 0
 140 00a8 1A0A     		lsrs	r2, r3, #8
 141              	.LVL14:
 142 00aa 8DF80920 		strb	r2, [sp, #9]
 141:main.c        ****                         //LSB (x-axis)
 142:main.c        ****                         OutArray[2]=(uint8_t)(X_Out_mg & 0xFF);
 143              		.loc 1 142 0
ARM GAS  C:\Users\marti\AppData\Local\Temp\cc1xyQ5X.s 			page 6


 144 00ae 8DF80A30 		strb	r3, [sp, #10]
 143:main.c        ****                         
 144:main.c        ****                         // Conversion of output data into right-justified 16 bit int (y-axis)
 145:main.c        ****                         Y_Out=(int16)(AccelerationData[2] | (AccelerationData[3] << 8)) >> 4;
 145              		.loc 1 145 0
 146 00b2 9DF81230 		ldrb	r3, [sp, #18]	@ zero_extendqisi2
 147              	.LVL15:
 148 00b6 9DF81320 		ldrb	r2, [sp, #19]	@ zero_extendqisi2
 149 00ba 43EA0223 		orr	r3, r3, r2, lsl #8
 150 00be 43F30B13 		sbfx	r3, r3, #4, #12
 151              	.LVL16:
 146:main.c        ****                         //Data * sensitivity (HR mode) = [mg] (x-axis)
 147:main.c        ****                         Y_Out_mg=Y_Out*HR_SENSITIVITY;
 152              		.loc 1 147 0
 153 00c2 5B00     		lsls	r3, r3, #1
 154              	.LVL17:
 155 00c4 9BB2     		uxth	r3, r3
 156              	.LVL18:
 148:main.c        ****                         //MSB (x-axis)
 149:main.c        ****                         OutArray[3]=(uint8_t)(Y_Out_mg >> 8);
 157              		.loc 1 149 0
 158 00c6 1A0A     		lsrs	r2, r3, #8
 159              	.LVL19:
 160 00c8 8DF80B20 		strb	r2, [sp, #11]
 150:main.c        ****                         //LSB (x-axis)
 151:main.c        ****                         OutArray[4]=(uint8_t)(Y_Out_mg & 0xFF);
 161              		.loc 1 151 0
 162 00cc 8DF80C30 		strb	r3, [sp, #12]
 152:main.c        ****                         
 153:main.c        ****                         // Conversion of output data into right-justified 16 bit int (z-axis)
 154:main.c        ****                         Z_Out=(int16)(AccelerationData[4] | (AccelerationData[5] << 8)) >> 4;
 163              		.loc 1 154 0
 164 00d0 9DF81430 		ldrb	r3, [sp, #20]	@ zero_extendqisi2
 165              	.LVL20:
 166 00d4 9DF81520 		ldrb	r2, [sp, #21]	@ zero_extendqisi2
 167 00d8 43EA0223 		orr	r3, r3, r2, lsl #8
 168 00dc 43F30B13 		sbfx	r3, r3, #4, #12
 169              	.LVL21:
 155:main.c        ****                         //Data * sensitivity (HR mode) = [mg] (x-axis)
 156:main.c        ****                         Z_Out_mg=Z_Out*HR_SENSITIVITY;
 170              		.loc 1 156 0
 171 00e0 5B00     		lsls	r3, r3, #1
 172              	.LVL22:
 173 00e2 9BB2     		uxth	r3, r3
 174              	.LVL23:
 157:main.c        ****                         //MSB (x-axis)
 158:main.c        ****                         OutArray[5]=(uint8_t)(Z_Out_mg >> 8);
 175              		.loc 1 158 0
 176 00e4 1A0A     		lsrs	r2, r3, #8
 177              	.LVL24:
 178 00e6 8DF80D20 		strb	r2, [sp, #13]
 159:main.c        ****                         //LSB (x-axis)
 160:main.c        ****                         OutArray[6]=(uint8_t)(Z_Out_mg & 0xFF);
 179              		.loc 1 160 0
 180 00ea 8DF80E30 		strb	r3, [sp, #14]
 161:main.c        ****                     
 162:main.c        ****                         UART_Debug_PutArray(OutArray,8);
ARM GAS  C:\Users\marti\AppData\Local\Temp\cc1xyQ5X.s 			page 7


 181              		.loc 1 162 0
 182 00ee 0821     		movs	r1, #8
 183 00f0 0DEB0100 		add	r0, sp, r1
 184              	.LVL25:
 185 00f4 FFF7FEFF 		bl	UART_Debug_PutArray
 186              	.LVL26:
 187              	.LBE2:
 163:main.c        ****                     }
 164:main.c        ****             }
 165:main.c        ****         } 
 166:main.c        ****         
 167:main.c        ****     }
 188              		.loc 1 167 0
 189 00f8 B4E7     		b	.L5
 190              		.cfi_endproc
 191              	.LFE64:
 192              		.size	main, .-main
 193 00fa 00BF     		.text
 194              	.Letext0:
 195              		.file 2 "c:\\program files (x86)\\cypress\\psoc creator\\4.3\\psoc creator\\import\\gnu\\arm\\5.4.
 196              		.file 3 "c:\\program files (x86)\\cypress\\psoc creator\\4.3\\psoc creator\\import\\gnu\\arm\\5.4.
 197              		.file 4 "Generated_Source\\PSoC5/cytypes.h"
 198              		.file 5 "ErrorCodes.h"
 199              		.file 6 "Generated_Source\\PSoC5/CyLib.h"
 200              		.file 7 "I2C_Interface.h"
 201              		.file 8 "Generated_Source\\PSoC5/UART_Debug.h"
 202              		.file 9 "Generated_Source\\PSoC5/core_cm3.h"
 203              		.section	.debug_info,"",%progbits
 204              	.Ldebug_info0:
 205 0000 5B030000 		.4byte	0x35b
 206 0004 0400     		.2byte	0x4
 207 0006 00000000 		.4byte	.Ldebug_abbrev0
 208 000a 04       		.byte	0x4
 209 000b 01       		.uleb128 0x1
 210 000c AA010000 		.4byte	.LASF43
 211 0010 0C       		.byte	0xc
 212 0011 6E020000 		.4byte	.LASF44
 213 0015 6B000000 		.4byte	.LASF45
 214 0019 00000000 		.4byte	.Ldebug_ranges0+0
 215 001d 00000000 		.4byte	0
 216 0021 00000000 		.4byte	.Ldebug_line0
 217 0025 02       		.uleb128 0x2
 218 0026 01       		.byte	0x1
 219 0027 06       		.byte	0x6
 220 0028 BB020000 		.4byte	.LASF0
 221 002c 03       		.uleb128 0x3
 222 002d 00000000 		.4byte	.LASF2
 223 0031 02       		.byte	0x2
 224 0032 1D       		.byte	0x1d
 225 0033 37000000 		.4byte	0x37
 226 0037 02       		.uleb128 0x2
 227 0038 01       		.byte	0x1
 228 0039 08       		.byte	0x8
 229 003a F2000000 		.4byte	.LASF1
 230 003e 03       		.uleb128 0x3
 231 003f 1B000000 		.4byte	.LASF3
 232 0043 02       		.byte	0x2
ARM GAS  C:\Users\marti\AppData\Local\Temp\cc1xyQ5X.s 			page 8


 233 0044 29       		.byte	0x29
 234 0045 49000000 		.4byte	0x49
 235 0049 02       		.uleb128 0x2
 236 004a 02       		.byte	0x2
 237 004b 05       		.byte	0x5
 238 004c 96020000 		.4byte	.LASF4
 239 0050 02       		.uleb128 0x2
 240 0051 02       		.byte	0x2
 241 0052 07       		.byte	0x7
 242 0053 D2000000 		.4byte	.LASF5
 243 0057 03       		.uleb128 0x3
 244 0058 25000000 		.4byte	.LASF6
 245 005c 02       		.byte	0x2
 246 005d 3F       		.byte	0x3f
 247 005e 62000000 		.4byte	0x62
 248 0062 02       		.uleb128 0x2
 249 0063 04       		.byte	0x4
 250 0064 05       		.byte	0x5
 251 0065 2F000000 		.4byte	.LASF7
 252 0069 02       		.uleb128 0x2
 253 006a 04       		.byte	0x4
 254 006b 07       		.byte	0x7
 255 006c C0000000 		.4byte	.LASF8
 256 0070 02       		.uleb128 0x2
 257 0071 08       		.byte	0x8
 258 0072 05       		.byte	0x5
 259 0073 4F020000 		.4byte	.LASF9
 260 0077 02       		.uleb128 0x2
 261 0078 08       		.byte	0x8
 262 0079 07       		.byte	0x7
 263 007a 7A010000 		.4byte	.LASF10
 264 007e 04       		.uleb128 0x4
 265 007f 04       		.byte	0x4
 266 0080 05       		.byte	0x5
 267 0081 696E7400 		.ascii	"int\000"
 268 0085 02       		.uleb128 0x2
 269 0086 04       		.byte	0x4
 270 0087 07       		.byte	0x7
 271 0088 6D010000 		.4byte	.LASF11
 272 008c 03       		.uleb128 0x3
 273 008d 91010000 		.4byte	.LASF12
 274 0091 03       		.byte	0x3
 275 0092 18       		.byte	0x18
 276 0093 2C000000 		.4byte	0x2c
 277 0097 03       		.uleb128 0x3
 278 0098 99010000 		.4byte	.LASF13
 279 009c 03       		.byte	0x3
 280 009d 20       		.byte	0x20
 281 009e 3E000000 		.4byte	0x3e
 282 00a2 03       		.uleb128 0x3
 283 00a3 38020000 		.4byte	.LASF14
 284 00a7 03       		.byte	0x3
 285 00a8 2C       		.byte	0x2c
 286 00a9 57000000 		.4byte	0x57
 287 00ad 05       		.uleb128 0x5
 288 00ae BA000000 		.4byte	.LASF15
 289 00b2 04       		.byte	0x4
ARM GAS  C:\Users\marti\AppData\Local\Temp\cc1xyQ5X.s 			page 9


 290 00b3 E801     		.2byte	0x1e8
 291 00b5 49000000 		.4byte	0x49
 292 00b9 02       		.uleb128 0x2
 293 00ba 04       		.byte	0x4
 294 00bb 04       		.byte	0x4
 295 00bc 5C000000 		.4byte	.LASF16
 296 00c0 02       		.uleb128 0x2
 297 00c1 08       		.byte	0x8
 298 00c2 04       		.byte	0x4
 299 00c3 00010000 		.4byte	.LASF17
 300 00c7 02       		.uleb128 0x2
 301 00c8 01       		.byte	0x1
 302 00c9 08       		.byte	0x8
 303 00ca 75020000 		.4byte	.LASF18
 304 00ce 06       		.uleb128 0x6
 305 00cf 01       		.byte	0x1
 306 00d0 37000000 		.4byte	0x37
 307 00d4 05       		.byte	0x5
 308 00d5 15       		.byte	0x15
 309 00d6 E7000000 		.4byte	0xe7
 310 00da 07       		.uleb128 0x7
 311 00db A0020000 		.4byte	.LASF19
 312 00df 00       		.byte	0
 313 00e0 07       		.uleb128 0x7
 314 00e1 A9020000 		.4byte	.LASF20
 315 00e5 01       		.byte	0x1
 316 00e6 00       		.byte	0
 317 00e7 03       		.uleb128 0x3
 318 00e8 4C000000 		.4byte	.LASF21
 319 00ec 05       		.byte	0x5
 320 00ed 18       		.byte	0x18
 321 00ee CE000000 		.4byte	0xce
 322 00f2 02       		.uleb128 0x2
 323 00f3 08       		.byte	0x8
 324 00f4 04       		.byte	0x4
 325 00f5 AF020000 		.4byte	.LASF22
 326 00f9 02       		.uleb128 0x2
 327 00fa 04       		.byte	0x4
 328 00fb 07       		.byte	0x7
 329 00fc 40020000 		.4byte	.LASF23
 330 0100 08       		.uleb128 0x8
 331 0101 58010000 		.4byte	.LASF46
 332 0105 01       		.byte	0x1
 333 0106 35       		.byte	0x35
 334 0107 7E000000 		.4byte	0x7e
 335 010b 00000000 		.4byte	.LFB64
 336 010f FA000000 		.4byte	.LFE64-.LFB64
 337 0113 01       		.uleb128 0x1
 338 0114 9C       		.byte	0x9c
 339 0115 E0020000 		.4byte	0x2e0
 340 0119 09       		.uleb128 0x9
 341 011a 4E010000 		.4byte	.LASF24
 342 011e 01       		.byte	0x1
 343 011f 41       		.byte	0x41
 344 0120 8C000000 		.4byte	0x8c
 345 0124 02       		.uleb128 0x2
 346 0125 91       		.byte	0x91
ARM GAS  C:\Users\marti\AppData\Local\Temp\cc1xyQ5X.s 			page 10


 347 0126 77       		.sleb128 -9
 348 0127 0A       		.uleb128 0xa
 349 0128 49020000 		.4byte	.LASF25
 350 012c 01       		.byte	0x1
 351 012d 42       		.byte	0x42
 352 012e E7000000 		.4byte	0xe7
 353 0132 00000000 		.4byte	.LLST0
 354 0136 09       		.uleb128 0x9
 355 0137 63010000 		.4byte	.LASF26
 356 013b 01       		.byte	0x1
 357 013c 4F       		.byte	0x4f
 358 013d 8C000000 		.4byte	0x8c
 359 0141 02       		.uleb128 0x2
 360 0142 91       		.byte	0x91
 361 0143 76       		.sleb128 -10
 362 0144 09       		.uleb128 0x9
 363 0145 CF020000 		.4byte	.LASF27
 364 0149 01       		.byte	0x1
 365 014a 5D       		.byte	0x5d
 366 014b E0020000 		.4byte	0x2e0
 367 014f 02       		.uleb128 0x2
 368 0150 91       		.byte	0x91
 369 0151 70       		.sleb128 -16
 370 0152 0A       		.uleb128 0xa
 371 0153 5D010000 		.4byte	.LASF28
 372 0157 01       		.byte	0x1
 373 0158 60       		.byte	0x60
 374 0159 97000000 		.4byte	0x97
 375 015d 1E000000 		.4byte	.LLST1
 376 0161 0A       		.uleb128 0xa
 377 0162 A1010000 		.4byte	.LASF29
 378 0166 01       		.byte	0x1
 379 0167 61       		.byte	0x61
 380 0168 97000000 		.4byte	0x97
 381 016c 70000000 		.4byte	.LLST2
 382 0170 0A       		.uleb128 0xa
 383 0171 56000000 		.4byte	.LASF30
 384 0175 01       		.byte	0x1
 385 0176 63       		.byte	0x63
 386 0177 97000000 		.4byte	0x97
 387 017b A7000000 		.4byte	.LLST3
 388 017f 0A       		.uleb128 0xa
 389 0180 45010000 		.4byte	.LASF31
 390 0184 01       		.byte	0x1
 391 0185 64       		.byte	0x64
 392 0186 97000000 		.4byte	0x97
 393 018a F9000000 		.4byte	.LLST4
 394 018e 0A       		.uleb128 0xa
 395 018f 0A000000 		.4byte	.LASF32
 396 0193 01       		.byte	0x1
 397 0194 66       		.byte	0x66
 398 0195 97000000 		.4byte	0x97
 399 0199 30010000 		.4byte	.LLST5
 400 019d 0A       		.uleb128 0xa
 401 019e B1000000 		.4byte	.LASF33
 402 01a2 01       		.byte	0x1
 403 01a3 67       		.byte	0x67
ARM GAS  C:\Users\marti\AppData\Local\Temp\cc1xyQ5X.s 			page 11


 404 01a4 97000000 		.4byte	0x97
 405 01a8 82010000 		.4byte	.LLST6
 406 01ac 09       		.uleb128 0x9
 407 01ad 62000000 		.4byte	.LASF34
 408 01b1 01       		.byte	0x1
 409 01b2 69       		.byte	0x69
 410 01b3 F0020000 		.4byte	0x2f0
 411 01b7 02       		.uleb128 0x2
 412 01b8 91       		.byte	0x91
 413 01b9 68       		.sleb128 -24
 414 01ba 0B       		.uleb128 0xb
 415 01bb 64000000 		.4byte	.LBB2
 416 01bf 94000000 		.4byte	.LBE2-.LBB2
 417 01c3 42020000 		.4byte	0x242
 418 01c7 09       		.uleb128 0x9
 419 01c8 10000000 		.4byte	.LASF35
 420 01cc 01       		.byte	0x1
 421 01cd 77       		.byte	0x77
 422 01ce 8C000000 		.4byte	0x8c
 423 01d2 02       		.uleb128 0x2
 424 01d3 91       		.byte	0x91
 425 01d4 67       		.sleb128 -25
 426 01d5 0C       		.uleb128 0xc
 427 01d6 6A000000 		.4byte	.LVL7
 428 01da 11030000 		.4byte	0x311
 429 01de E9010000 		.4byte	0x1e9
 430 01e2 0D       		.uleb128 0xd
 431 01e3 01       		.uleb128 0x1
 432 01e4 50       		.byte	0x50
 433 01e5 02       		.uleb128 0x2
 434 01e6 08       		.byte	0x8
 435 01e7 64       		.byte	0x64
 436 01e8 00       		.byte	0
 437 01e9 0C       		.uleb128 0xc
 438 01ea 76000000 		.4byte	.LVL8
 439 01ee 1C030000 		.4byte	0x31c
 440 01f2 08020000 		.4byte	0x208
 441 01f6 0D       		.uleb128 0xd
 442 01f7 01       		.uleb128 0x1
 443 01f8 50       		.byte	0x50
 444 01f9 01       		.uleb128 0x1
 445 01fa 48       		.byte	0x48
 446 01fb 0D       		.uleb128 0xd
 447 01fc 01       		.uleb128 0x1
 448 01fd 51       		.byte	0x51
 449 01fe 02       		.uleb128 0x2
 450 01ff 08       		.byte	0x8
 451 0200 27       		.byte	0x27
 452 0201 0D       		.uleb128 0xd
 453 0202 01       		.uleb128 0x1
 454 0203 52       		.byte	0x52
 455 0204 02       		.uleb128 0x2
 456 0205 91       		.byte	0x91
 457 0206 67       		.sleb128 -25
 458 0207 00       		.byte	0
 459 0208 0C       		.uleb128 0xc
 460 0209 90000000 		.4byte	.LVL10
ARM GAS  C:\Users\marti\AppData\Local\Temp\cc1xyQ5X.s 			page 12


 461 020d 27030000 		.4byte	0x327
 462 0211 2C020000 		.4byte	0x22c
 463 0215 0D       		.uleb128 0xd
 464 0216 01       		.uleb128 0x1
 465 0217 50       		.byte	0x50
 466 0218 01       		.uleb128 0x1
 467 0219 48       		.byte	0x48
 468 021a 0D       		.uleb128 0xd
 469 021b 01       		.uleb128 0x1
 470 021c 51       		.byte	0x51
 471 021d 02       		.uleb128 0x2
 472 021e 08       		.byte	0x8
 473 021f 28       		.byte	0x28
 474 0220 0D       		.uleb128 0xd
 475 0221 01       		.uleb128 0x1
 476 0222 52       		.byte	0x52
 477 0223 01       		.uleb128 0x1
 478 0224 36       		.byte	0x36
 479 0225 0D       		.uleb128 0xd
 480 0226 01       		.uleb128 0x1
 481 0227 53       		.byte	0x53
 482 0228 02       		.uleb128 0x2
 483 0229 91       		.byte	0x91
 484 022a 70       		.sleb128 -16
 485 022b 00       		.byte	0
 486 022c 0E       		.uleb128 0xe
 487 022d F8000000 		.4byte	.LVL26
 488 0231 32030000 		.4byte	0x332
 489 0235 0D       		.uleb128 0xd
 490 0236 01       		.uleb128 0x1
 491 0237 50       		.byte	0x50
 492 0238 02       		.uleb128 0x2
 493 0239 91       		.byte	0x91
 494 023a 68       		.sleb128 -24
 495 023b 0D       		.uleb128 0xd
 496 023c 01       		.uleb128 0x1
 497 023d 51       		.byte	0x51
 498 023e 01       		.uleb128 0x1
 499 023f 38       		.byte	0x38
 500 0240 00       		.byte	0
 501 0241 00       		.byte	0
 502 0242 0F       		.uleb128 0xf
 503 0243 0A000000 		.4byte	.LVL0
 504 0247 3D030000 		.4byte	0x33d
 505 024b 0F       		.uleb128 0xf
 506 024c 0E000000 		.4byte	.LVL1
 507 0250 48030000 		.4byte	0x348
 508 0254 0C       		.uleb128 0xc
 509 0255 14000000 		.4byte	.LVL2
 510 0259 11030000 		.4byte	0x311
 511 025d 67020000 		.4byte	0x267
 512 0261 0D       		.uleb128 0xd
 513 0262 01       		.uleb128 0x1
 514 0263 50       		.byte	0x50
 515 0264 01       		.uleb128 0x1
 516 0265 35       		.byte	0x35
 517 0266 00       		.byte	0
ARM GAS  C:\Users\marti\AppData\Local\Temp\cc1xyQ5X.s 			page 13


 518 0267 0C       		.uleb128 0xc
 519 0268 20000000 		.4byte	.LVL3
 520 026c 1C030000 		.4byte	0x31c
 521 0270 86020000 		.4byte	0x286
 522 0274 0D       		.uleb128 0xd
 523 0275 01       		.uleb128 0x1
 524 0276 50       		.byte	0x50
 525 0277 01       		.uleb128 0x1
 526 0278 48       		.byte	0x48
 527 0279 0D       		.uleb128 0xd
 528 027a 01       		.uleb128 0x1
 529 027b 51       		.byte	0x51
 530 027c 02       		.uleb128 0x2
 531 027d 08       		.byte	0x8
 532 027e 20       		.byte	0x20
 533 027f 0D       		.uleb128 0xd
 534 0280 01       		.uleb128 0x1
 535 0281 52       		.byte	0x52
 536 0282 02       		.uleb128 0x2
 537 0283 91       		.byte	0x91
 538 0284 77       		.sleb128 -9
 539 0285 00       		.byte	0
 540 0286 0C       		.uleb128 0xc
 541 0287 36000000 		.4byte	.LVL4
 542 028b 53030000 		.4byte	0x353
 543 028f A5020000 		.4byte	0x2a5
 544 0293 0D       		.uleb128 0xd
 545 0294 01       		.uleb128 0x1
 546 0295 50       		.byte	0x50
 547 0296 01       		.uleb128 0x1
 548 0297 48       		.byte	0x48
 549 0298 0D       		.uleb128 0xd
 550 0299 01       		.uleb128 0x1
 551 029a 51       		.byte	0x51
 552 029b 02       		.uleb128 0x2
 553 029c 08       		.byte	0x8
 554 029d 20       		.byte	0x20
 555 029e 0D       		.uleb128 0xd
 556 029f 01       		.uleb128 0x1
 557 02a0 52       		.byte	0x52
 558 02a1 02       		.uleb128 0x2
 559 02a2 08       		.byte	0x8
 560 02a3 57       		.byte	0x57
 561 02a4 00       		.byte	0
 562 02a5 0C       		.uleb128 0xc
 563 02a6 42000000 		.4byte	.LVL5
 564 02aa 1C030000 		.4byte	0x31c
 565 02ae C4020000 		.4byte	0x2c4
 566 02b2 0D       		.uleb128 0xd
 567 02b3 01       		.uleb128 0x1
 568 02b4 50       		.byte	0x50
 569 02b5 01       		.uleb128 0x1
 570 02b6 48       		.byte	0x48
 571 02b7 0D       		.uleb128 0xd
 572 02b8 01       		.uleb128 0x1
 573 02b9 51       		.byte	0x51
 574 02ba 02       		.uleb128 0x2
ARM GAS  C:\Users\marti\AppData\Local\Temp\cc1xyQ5X.s 			page 14


 575 02bb 08       		.byte	0x8
 576 02bc 23       		.byte	0x23
 577 02bd 0D       		.uleb128 0xd
 578 02be 01       		.uleb128 0x1
 579 02bf 52       		.byte	0x52
 580 02c0 02       		.uleb128 0x2
 581 02c1 91       		.byte	0x91
 582 02c2 76       		.sleb128 -10
 583 02c3 00       		.byte	0
 584 02c4 0E       		.uleb128 0xe
 585 02c5 58000000 		.4byte	.LVL6
 586 02c9 53030000 		.4byte	0x353
 587 02cd 0D       		.uleb128 0xd
 588 02ce 01       		.uleb128 0x1
 589 02cf 50       		.byte	0x50
 590 02d0 01       		.uleb128 0x1
 591 02d1 48       		.byte	0x48
 592 02d2 0D       		.uleb128 0xd
 593 02d3 01       		.uleb128 0x1
 594 02d4 51       		.byte	0x51
 595 02d5 02       		.uleb128 0x2
 596 02d6 08       		.byte	0x8
 597 02d7 23       		.byte	0x23
 598 02d8 0D       		.uleb128 0xd
 599 02d9 01       		.uleb128 0x1
 600 02da 52       		.byte	0x52
 601 02db 02       		.uleb128 0x2
 602 02dc 09       		.byte	0x9
 603 02dd 98       		.byte	0x98
 604 02de 00       		.byte	0
 605 02df 00       		.byte	0
 606 02e0 10       		.uleb128 0x10
 607 02e1 8C000000 		.4byte	0x8c
 608 02e5 F0020000 		.4byte	0x2f0
 609 02e9 11       		.uleb128 0x11
 610 02ea F9000000 		.4byte	0xf9
 611 02ee 05       		.byte	0x5
 612 02ef 00       		.byte	0
 613 02f0 10       		.uleb128 0x10
 614 02f1 8C000000 		.4byte	0x8c
 615 02f5 00030000 		.4byte	0x300
 616 02f9 11       		.uleb128 0x11
 617 02fa F9000000 		.4byte	0xf9
 618 02fe 07       		.byte	0x7
 619 02ff 00       		.byte	0
 620 0300 12       		.uleb128 0x12
 621 0301 E5000000 		.4byte	.LASF47
 622 0305 09       		.byte	0x9
 623 0306 1207     		.2byte	0x712
 624 0308 0C030000 		.4byte	0x30c
 625 030c 13       		.uleb128 0x13
 626 030d A2000000 		.4byte	0xa2
 627 0311 14       		.uleb128 0x14
 628 0312 C7020000 		.4byte	.LASF36
 629 0316 C7020000 		.4byte	.LASF36
 630 031a 06       		.byte	0x6
 631 031b 76       		.byte	0x76
ARM GAS  C:\Users\marti\AppData\Local\Temp\cc1xyQ5X.s 			page 15


 632 031c 14       		.uleb128 0x14
 633 031d 7A020000 		.4byte	.LASF37
 634 0321 7A020000 		.4byte	.LASF37
 635 0325 07       		.byte	0x7
 636 0326 28       		.byte	0x28
 637 0327 14       		.uleb128 0x14
 638 0328 07010000 		.4byte	.LASF38
 639 032c 07010000 		.4byte	.LASF38
 640 0330 07       		.byte	0x7
 641 0331 36       		.byte	0x36
 642 0332 14       		.uleb128 0x14
 643 0333 38000000 		.4byte	.LASF39
 644 0337 38000000 		.4byte	.LASF39
 645 033b 08       		.byte	0x8
 646 033c 8C       		.byte	0x8c
 647 033d 14       		.uleb128 0x14
 648 033e E0020000 		.4byte	.LASF40
 649 0342 E0020000 		.4byte	.LASF40
 650 0346 07       		.byte	0x7
 651 0347 17       		.byte	0x17
 652 0348 14       		.uleb128 0x14
 653 0349 5D020000 		.4byte	.LASF41
 654 034d 5D020000 		.4byte	.LASF41
 655 0351 08       		.byte	0x8
 656 0352 54       		.byte	0x54
 657 0353 14       		.uleb128 0x14
 658 0354 28010000 		.4byte	.LASF42
 659 0358 28010000 		.4byte	.LASF42
 660 035c 07       		.byte	0x7
 661 035d 43       		.byte	0x43
 662 035e 00       		.byte	0
 663              		.section	.debug_abbrev,"",%progbits
 664              	.Ldebug_abbrev0:
 665 0000 01       		.uleb128 0x1
 666 0001 11       		.uleb128 0x11
 667 0002 01       		.byte	0x1
 668 0003 25       		.uleb128 0x25
 669 0004 0E       		.uleb128 0xe
 670 0005 13       		.uleb128 0x13
 671 0006 0B       		.uleb128 0xb
 672 0007 03       		.uleb128 0x3
 673 0008 0E       		.uleb128 0xe
 674 0009 1B       		.uleb128 0x1b
 675 000a 0E       		.uleb128 0xe
 676 000b 55       		.uleb128 0x55
 677 000c 17       		.uleb128 0x17
 678 000d 11       		.uleb128 0x11
 679 000e 01       		.uleb128 0x1
 680 000f 10       		.uleb128 0x10
 681 0010 17       		.uleb128 0x17
 682 0011 00       		.byte	0
 683 0012 00       		.byte	0
 684 0013 02       		.uleb128 0x2
 685 0014 24       		.uleb128 0x24
 686 0015 00       		.byte	0
 687 0016 0B       		.uleb128 0xb
 688 0017 0B       		.uleb128 0xb
ARM GAS  C:\Users\marti\AppData\Local\Temp\cc1xyQ5X.s 			page 16


 689 0018 3E       		.uleb128 0x3e
 690 0019 0B       		.uleb128 0xb
 691 001a 03       		.uleb128 0x3
 692 001b 0E       		.uleb128 0xe
 693 001c 00       		.byte	0
 694 001d 00       		.byte	0
 695 001e 03       		.uleb128 0x3
 696 001f 16       		.uleb128 0x16
 697 0020 00       		.byte	0
 698 0021 03       		.uleb128 0x3
 699 0022 0E       		.uleb128 0xe
 700 0023 3A       		.uleb128 0x3a
 701 0024 0B       		.uleb128 0xb
 702 0025 3B       		.uleb128 0x3b
 703 0026 0B       		.uleb128 0xb
 704 0027 49       		.uleb128 0x49
 705 0028 13       		.uleb128 0x13
 706 0029 00       		.byte	0
 707 002a 00       		.byte	0
 708 002b 04       		.uleb128 0x4
 709 002c 24       		.uleb128 0x24
 710 002d 00       		.byte	0
 711 002e 0B       		.uleb128 0xb
 712 002f 0B       		.uleb128 0xb
 713 0030 3E       		.uleb128 0x3e
 714 0031 0B       		.uleb128 0xb
 715 0032 03       		.uleb128 0x3
 716 0033 08       		.uleb128 0x8
 717 0034 00       		.byte	0
 718 0035 00       		.byte	0
 719 0036 05       		.uleb128 0x5
 720 0037 16       		.uleb128 0x16
 721 0038 00       		.byte	0
 722 0039 03       		.uleb128 0x3
 723 003a 0E       		.uleb128 0xe
 724 003b 3A       		.uleb128 0x3a
 725 003c 0B       		.uleb128 0xb
 726 003d 3B       		.uleb128 0x3b
 727 003e 05       		.uleb128 0x5
 728 003f 49       		.uleb128 0x49
 729 0040 13       		.uleb128 0x13
 730 0041 00       		.byte	0
 731 0042 00       		.byte	0
 732 0043 06       		.uleb128 0x6
 733 0044 04       		.uleb128 0x4
 734 0045 01       		.byte	0x1
 735 0046 0B       		.uleb128 0xb
 736 0047 0B       		.uleb128 0xb
 737 0048 49       		.uleb128 0x49
 738 0049 13       		.uleb128 0x13
 739 004a 3A       		.uleb128 0x3a
 740 004b 0B       		.uleb128 0xb
 741 004c 3B       		.uleb128 0x3b
 742 004d 0B       		.uleb128 0xb
 743 004e 01       		.uleb128 0x1
 744 004f 13       		.uleb128 0x13
 745 0050 00       		.byte	0
ARM GAS  C:\Users\marti\AppData\Local\Temp\cc1xyQ5X.s 			page 17


 746 0051 00       		.byte	0
 747 0052 07       		.uleb128 0x7
 748 0053 28       		.uleb128 0x28
 749 0054 00       		.byte	0
 750 0055 03       		.uleb128 0x3
 751 0056 0E       		.uleb128 0xe
 752 0057 1C       		.uleb128 0x1c
 753 0058 0B       		.uleb128 0xb
 754 0059 00       		.byte	0
 755 005a 00       		.byte	0
 756 005b 08       		.uleb128 0x8
 757 005c 2E       		.uleb128 0x2e
 758 005d 01       		.byte	0x1
 759 005e 3F       		.uleb128 0x3f
 760 005f 19       		.uleb128 0x19
 761 0060 03       		.uleb128 0x3
 762 0061 0E       		.uleb128 0xe
 763 0062 3A       		.uleb128 0x3a
 764 0063 0B       		.uleb128 0xb
 765 0064 3B       		.uleb128 0x3b
 766 0065 0B       		.uleb128 0xb
 767 0066 27       		.uleb128 0x27
 768 0067 19       		.uleb128 0x19
 769 0068 49       		.uleb128 0x49
 770 0069 13       		.uleb128 0x13
 771 006a 8701     		.uleb128 0x87
 772 006c 19       		.uleb128 0x19
 773 006d 11       		.uleb128 0x11
 774 006e 01       		.uleb128 0x1
 775 006f 12       		.uleb128 0x12
 776 0070 06       		.uleb128 0x6
 777 0071 40       		.uleb128 0x40
 778 0072 18       		.uleb128 0x18
 779 0073 9742     		.uleb128 0x2117
 780 0075 19       		.uleb128 0x19
 781 0076 01       		.uleb128 0x1
 782 0077 13       		.uleb128 0x13
 783 0078 00       		.byte	0
 784 0079 00       		.byte	0
 785 007a 09       		.uleb128 0x9
 786 007b 34       		.uleb128 0x34
 787 007c 00       		.byte	0
 788 007d 03       		.uleb128 0x3
 789 007e 0E       		.uleb128 0xe
 790 007f 3A       		.uleb128 0x3a
 791 0080 0B       		.uleb128 0xb
 792 0081 3B       		.uleb128 0x3b
 793 0082 0B       		.uleb128 0xb
 794 0083 49       		.uleb128 0x49
 795 0084 13       		.uleb128 0x13
 796 0085 02       		.uleb128 0x2
 797 0086 18       		.uleb128 0x18
 798 0087 00       		.byte	0
 799 0088 00       		.byte	0
 800 0089 0A       		.uleb128 0xa
 801 008a 34       		.uleb128 0x34
 802 008b 00       		.byte	0
ARM GAS  C:\Users\marti\AppData\Local\Temp\cc1xyQ5X.s 			page 18


 803 008c 03       		.uleb128 0x3
 804 008d 0E       		.uleb128 0xe
 805 008e 3A       		.uleb128 0x3a
 806 008f 0B       		.uleb128 0xb
 807 0090 3B       		.uleb128 0x3b
 808 0091 0B       		.uleb128 0xb
 809 0092 49       		.uleb128 0x49
 810 0093 13       		.uleb128 0x13
 811 0094 02       		.uleb128 0x2
 812 0095 17       		.uleb128 0x17
 813 0096 00       		.byte	0
 814 0097 00       		.byte	0
 815 0098 0B       		.uleb128 0xb
 816 0099 0B       		.uleb128 0xb
 817 009a 01       		.byte	0x1
 818 009b 11       		.uleb128 0x11
 819 009c 01       		.uleb128 0x1
 820 009d 12       		.uleb128 0x12
 821 009e 06       		.uleb128 0x6
 822 009f 01       		.uleb128 0x1
 823 00a0 13       		.uleb128 0x13
 824 00a1 00       		.byte	0
 825 00a2 00       		.byte	0
 826 00a3 0C       		.uleb128 0xc
 827 00a4 898201   		.uleb128 0x4109
 828 00a7 01       		.byte	0x1
 829 00a8 11       		.uleb128 0x11
 830 00a9 01       		.uleb128 0x1
 831 00aa 31       		.uleb128 0x31
 832 00ab 13       		.uleb128 0x13
 833 00ac 01       		.uleb128 0x1
 834 00ad 13       		.uleb128 0x13
 835 00ae 00       		.byte	0
 836 00af 00       		.byte	0
 837 00b0 0D       		.uleb128 0xd
 838 00b1 8A8201   		.uleb128 0x410a
 839 00b4 00       		.byte	0
 840 00b5 02       		.uleb128 0x2
 841 00b6 18       		.uleb128 0x18
 842 00b7 9142     		.uleb128 0x2111
 843 00b9 18       		.uleb128 0x18
 844 00ba 00       		.byte	0
 845 00bb 00       		.byte	0
 846 00bc 0E       		.uleb128 0xe
 847 00bd 898201   		.uleb128 0x4109
 848 00c0 01       		.byte	0x1
 849 00c1 11       		.uleb128 0x11
 850 00c2 01       		.uleb128 0x1
 851 00c3 31       		.uleb128 0x31
 852 00c4 13       		.uleb128 0x13
 853 00c5 00       		.byte	0
 854 00c6 00       		.byte	0
 855 00c7 0F       		.uleb128 0xf
 856 00c8 898201   		.uleb128 0x4109
 857 00cb 00       		.byte	0
 858 00cc 11       		.uleb128 0x11
 859 00cd 01       		.uleb128 0x1
ARM GAS  C:\Users\marti\AppData\Local\Temp\cc1xyQ5X.s 			page 19


 860 00ce 31       		.uleb128 0x31
 861 00cf 13       		.uleb128 0x13
 862 00d0 00       		.byte	0
 863 00d1 00       		.byte	0
 864 00d2 10       		.uleb128 0x10
 865 00d3 01       		.uleb128 0x1
 866 00d4 01       		.byte	0x1
 867 00d5 49       		.uleb128 0x49
 868 00d6 13       		.uleb128 0x13
 869 00d7 01       		.uleb128 0x1
 870 00d8 13       		.uleb128 0x13
 871 00d9 00       		.byte	0
 872 00da 00       		.byte	0
 873 00db 11       		.uleb128 0x11
 874 00dc 21       		.uleb128 0x21
 875 00dd 00       		.byte	0
 876 00de 49       		.uleb128 0x49
 877 00df 13       		.uleb128 0x13
 878 00e0 2F       		.uleb128 0x2f
 879 00e1 0B       		.uleb128 0xb
 880 00e2 00       		.byte	0
 881 00e3 00       		.byte	0
 882 00e4 12       		.uleb128 0x12
 883 00e5 34       		.uleb128 0x34
 884 00e6 00       		.byte	0
 885 00e7 03       		.uleb128 0x3
 886 00e8 0E       		.uleb128 0xe
 887 00e9 3A       		.uleb128 0x3a
 888 00ea 0B       		.uleb128 0xb
 889 00eb 3B       		.uleb128 0x3b
 890 00ec 05       		.uleb128 0x5
 891 00ed 49       		.uleb128 0x49
 892 00ee 13       		.uleb128 0x13
 893 00ef 3F       		.uleb128 0x3f
 894 00f0 19       		.uleb128 0x19
 895 00f1 3C       		.uleb128 0x3c
 896 00f2 19       		.uleb128 0x19
 897 00f3 00       		.byte	0
 898 00f4 00       		.byte	0
 899 00f5 13       		.uleb128 0x13
 900 00f6 35       		.uleb128 0x35
 901 00f7 00       		.byte	0
 902 00f8 49       		.uleb128 0x49
 903 00f9 13       		.uleb128 0x13
 904 00fa 00       		.byte	0
 905 00fb 00       		.byte	0
 906 00fc 14       		.uleb128 0x14
 907 00fd 2E       		.uleb128 0x2e
 908 00fe 00       		.byte	0
 909 00ff 3F       		.uleb128 0x3f
 910 0100 19       		.uleb128 0x19
 911 0101 3C       		.uleb128 0x3c
 912 0102 19       		.uleb128 0x19
 913 0103 6E       		.uleb128 0x6e
 914 0104 0E       		.uleb128 0xe
 915 0105 03       		.uleb128 0x3
 916 0106 0E       		.uleb128 0xe
ARM GAS  C:\Users\marti\AppData\Local\Temp\cc1xyQ5X.s 			page 20


 917 0107 3A       		.uleb128 0x3a
 918 0108 0B       		.uleb128 0xb
 919 0109 3B       		.uleb128 0x3b
 920 010a 0B       		.uleb128 0xb
 921 010b 00       		.byte	0
 922 010c 00       		.byte	0
 923 010d 00       		.byte	0
 924              		.section	.debug_loc,"",%progbits
 925              	.Ldebug_loc0:
 926              	.LLST0:
 927 0000 76000000 		.4byte	.LVL8
 928 0004 8C000000 		.4byte	.LVL9
 929 0008 0100     		.2byte	0x1
 930 000a 50       		.byte	0x50
 931 000b 90000000 		.4byte	.LVL10
 932 000f F4000000 		.4byte	.LVL25
 933 0013 0100     		.2byte	0x1
 934 0015 50       		.byte	0x50
 935 0016 00000000 		.4byte	0
 936 001a 00000000 		.4byte	0
 937              	.LLST1:
 938 001e A4000000 		.4byte	.LVL11
 939 0022 A6000000 		.4byte	.LVL12
 940 0026 0100     		.2byte	0x1
 941 0028 53       		.byte	0x53
 942 0029 A6000000 		.4byte	.LVL12
 943 002d AA000000 		.4byte	.LVL14
 944 0031 1300     		.2byte	0x13
 945 0033 72       		.byte	0x72
 946 0034 00       		.sleb128 0
 947 0035 38       		.byte	0x38
 948 0036 24       		.byte	0x24
 949 0037 91       		.byte	0x91
 950 0038 70       		.sleb128 -16
 951 0039 94       		.byte	0x94
 952 003a 01       		.byte	0x1
 953 003b 08       		.byte	0x8
 954 003c FF       		.byte	0xff
 955 003d 1A       		.byte	0x1a
 956 003e 21       		.byte	0x21
 957 003f 09       		.byte	0x9
 958 0040 F4       		.byte	0xf4
 959 0041 24       		.byte	0x24
 960 0042 09       		.byte	0x9
 961 0043 F8       		.byte	0xf8
 962 0044 26       		.byte	0x26
 963 0045 9F       		.byte	0x9f
 964 0046 AA000000 		.4byte	.LVL14
 965 004a F7000000 		.4byte	.LVL26-1
 966 004e 1800     		.2byte	0x18
 967 0050 91       		.byte	0x91
 968 0051 71       		.sleb128 -15
 969 0052 94       		.byte	0x94
 970 0053 01       		.byte	0x1
 971 0054 08       		.byte	0x8
 972 0055 FF       		.byte	0xff
 973 0056 1A       		.byte	0x1a
ARM GAS  C:\Users\marti\AppData\Local\Temp\cc1xyQ5X.s 			page 21


 974 0057 38       		.byte	0x38
 975 0058 24       		.byte	0x24
 976 0059 91       		.byte	0x91
 977 005a 70       		.sleb128 -16
 978 005b 94       		.byte	0x94
 979 005c 01       		.byte	0x1
 980 005d 08       		.byte	0x8
 981 005e FF       		.byte	0xff
 982 005f 1A       		.byte	0x1a
 983 0060 21       		.byte	0x21
 984 0061 09       		.byte	0x9
 985 0062 F4       		.byte	0xf4
 986 0063 24       		.byte	0x24
 987 0064 09       		.byte	0x9
 988 0065 F8       		.byte	0xf8
 989 0066 26       		.byte	0x26
 990 0067 9F       		.byte	0x9f
 991 0068 00000000 		.4byte	0
 992 006c 00000000 		.4byte	0
 993              	.LLST2:
 994 0070 A8000000 		.4byte	.LVL13
 995 0074 B6000000 		.4byte	.LVL15
 996 0078 0100     		.2byte	0x1
 997 007a 53       		.byte	0x53
 998 007b B6000000 		.4byte	.LVL15
 999 007f F7000000 		.4byte	.LVL26-1
 1000 0083 1A00     		.2byte	0x1a
 1001 0085 91       		.byte	0x91
 1002 0086 71       		.sleb128 -15
 1003 0087 94       		.byte	0x94
 1004 0088 01       		.byte	0x1
 1005 0089 08       		.byte	0x8
 1006 008a FF       		.byte	0xff
 1007 008b 1A       		.byte	0x1a
 1008 008c 38       		.byte	0x38
 1009 008d 24       		.byte	0x24
 1010 008e 91       		.byte	0x91
 1011 008f 70       		.sleb128 -16
 1012 0090 94       		.byte	0x94
 1013 0091 01       		.byte	0x1
 1014 0092 08       		.byte	0x8
 1015 0093 FF       		.byte	0xff
 1016 0094 1A       		.byte	0x1a
 1017 0095 21       		.byte	0x21
 1018 0096 09       		.byte	0x9
 1019 0097 F4       		.byte	0xf4
 1020 0098 24       		.byte	0x24
 1021 0099 09       		.byte	0x9
 1022 009a F8       		.byte	0xf8
 1023 009b 26       		.byte	0x26
 1024 009c 31       		.byte	0x31
 1025 009d 24       		.byte	0x24
 1026 009e 9F       		.byte	0x9f
 1027 009f 00000000 		.4byte	0
 1028 00a3 00000000 		.4byte	0
 1029              	.LLST3:
 1030 00a7 C2000000 		.4byte	.LVL16
ARM GAS  C:\Users\marti\AppData\Local\Temp\cc1xyQ5X.s 			page 22


 1031 00ab C4000000 		.4byte	.LVL17
 1032 00af 0100     		.2byte	0x1
 1033 00b1 53       		.byte	0x53
 1034 00b2 C4000000 		.4byte	.LVL17
 1035 00b6 C8000000 		.4byte	.LVL19
 1036 00ba 1300     		.2byte	0x13
 1037 00bc 72       		.byte	0x72
 1038 00bd 00       		.sleb128 0
 1039 00be 38       		.byte	0x38
 1040 00bf 24       		.byte	0x24
 1041 00c0 91       		.byte	0x91
 1042 00c1 72       		.sleb128 -14
 1043 00c2 94       		.byte	0x94
 1044 00c3 01       		.byte	0x1
 1045 00c4 08       		.byte	0x8
 1046 00c5 FF       		.byte	0xff
 1047 00c6 1A       		.byte	0x1a
 1048 00c7 21       		.byte	0x21
 1049 00c8 09       		.byte	0x9
 1050 00c9 F4       		.byte	0xf4
 1051 00ca 24       		.byte	0x24
 1052 00cb 09       		.byte	0x9
 1053 00cc F8       		.byte	0xf8
 1054 00cd 26       		.byte	0x26
 1055 00ce 9F       		.byte	0x9f
 1056 00cf C8000000 		.4byte	.LVL19
 1057 00d3 F7000000 		.4byte	.LVL26-1
 1058 00d7 1800     		.2byte	0x18
 1059 00d9 91       		.byte	0x91
 1060 00da 73       		.sleb128 -13
 1061 00db 94       		.byte	0x94
 1062 00dc 01       		.byte	0x1
 1063 00dd 08       		.byte	0x8
 1064 00de FF       		.byte	0xff
 1065 00df 1A       		.byte	0x1a
 1066 00e0 38       		.byte	0x38
 1067 00e1 24       		.byte	0x24
 1068 00e2 91       		.byte	0x91
 1069 00e3 72       		.sleb128 -14
 1070 00e4 94       		.byte	0x94
 1071 00e5 01       		.byte	0x1
 1072 00e6 08       		.byte	0x8
 1073 00e7 FF       		.byte	0xff
 1074 00e8 1A       		.byte	0x1a
 1075 00e9 21       		.byte	0x21
 1076 00ea 09       		.byte	0x9
 1077 00eb F4       		.byte	0xf4
 1078 00ec 24       		.byte	0x24
 1079 00ed 09       		.byte	0x9
 1080 00ee F8       		.byte	0xf8
 1081 00ef 26       		.byte	0x26
 1082 00f0 9F       		.byte	0x9f
 1083 00f1 00000000 		.4byte	0
 1084 00f5 00000000 		.4byte	0
 1085              	.LLST4:
 1086 00f9 C6000000 		.4byte	.LVL18
 1087 00fd D4000000 		.4byte	.LVL20
ARM GAS  C:\Users\marti\AppData\Local\Temp\cc1xyQ5X.s 			page 23


 1088 0101 0100     		.2byte	0x1
 1089 0103 53       		.byte	0x53
 1090 0104 D4000000 		.4byte	.LVL20
 1091 0108 F7000000 		.4byte	.LVL26-1
 1092 010c 1A00     		.2byte	0x1a
 1093 010e 91       		.byte	0x91
 1094 010f 73       		.sleb128 -13
 1095 0110 94       		.byte	0x94
 1096 0111 01       		.byte	0x1
 1097 0112 08       		.byte	0x8
 1098 0113 FF       		.byte	0xff
 1099 0114 1A       		.byte	0x1a
 1100 0115 38       		.byte	0x38
 1101 0116 24       		.byte	0x24
 1102 0117 91       		.byte	0x91
 1103 0118 72       		.sleb128 -14
 1104 0119 94       		.byte	0x94
 1105 011a 01       		.byte	0x1
 1106 011b 08       		.byte	0x8
 1107 011c FF       		.byte	0xff
 1108 011d 1A       		.byte	0x1a
 1109 011e 21       		.byte	0x21
 1110 011f 09       		.byte	0x9
 1111 0120 F4       		.byte	0xf4
 1112 0121 24       		.byte	0x24
 1113 0122 09       		.byte	0x9
 1114 0123 F8       		.byte	0xf8
 1115 0124 26       		.byte	0x26
 1116 0125 31       		.byte	0x31
 1117 0126 24       		.byte	0x24
 1118 0127 9F       		.byte	0x9f
 1119 0128 00000000 		.4byte	0
 1120 012c 00000000 		.4byte	0
 1121              	.LLST5:
 1122 0130 E0000000 		.4byte	.LVL21
 1123 0134 E2000000 		.4byte	.LVL22
 1124 0138 0100     		.2byte	0x1
 1125 013a 53       		.byte	0x53
 1126 013b E2000000 		.4byte	.LVL22
 1127 013f E6000000 		.4byte	.LVL24
 1128 0143 1300     		.2byte	0x13
 1129 0145 72       		.byte	0x72
 1130 0146 00       		.sleb128 0
 1131 0147 38       		.byte	0x38
 1132 0148 24       		.byte	0x24
 1133 0149 91       		.byte	0x91
 1134 014a 74       		.sleb128 -12
 1135 014b 94       		.byte	0x94
 1136 014c 01       		.byte	0x1
 1137 014d 08       		.byte	0x8
 1138 014e FF       		.byte	0xff
 1139 014f 1A       		.byte	0x1a
 1140 0150 21       		.byte	0x21
 1141 0151 09       		.byte	0x9
 1142 0152 F4       		.byte	0xf4
 1143 0153 24       		.byte	0x24
 1144 0154 09       		.byte	0x9
ARM GAS  C:\Users\marti\AppData\Local\Temp\cc1xyQ5X.s 			page 24


 1145 0155 F8       		.byte	0xf8
 1146 0156 26       		.byte	0x26
 1147 0157 9F       		.byte	0x9f
 1148 0158 E6000000 		.4byte	.LVL24
 1149 015c F7000000 		.4byte	.LVL26-1
 1150 0160 1800     		.2byte	0x18
 1151 0162 91       		.byte	0x91
 1152 0163 75       		.sleb128 -11
 1153 0164 94       		.byte	0x94
 1154 0165 01       		.byte	0x1
 1155 0166 08       		.byte	0x8
 1156 0167 FF       		.byte	0xff
 1157 0168 1A       		.byte	0x1a
 1158 0169 38       		.byte	0x38
 1159 016a 24       		.byte	0x24
 1160 016b 91       		.byte	0x91
 1161 016c 74       		.sleb128 -12
 1162 016d 94       		.byte	0x94
 1163 016e 01       		.byte	0x1
 1164 016f 08       		.byte	0x8
 1165 0170 FF       		.byte	0xff
 1166 0171 1A       		.byte	0x1a
 1167 0172 21       		.byte	0x21
 1168 0173 09       		.byte	0x9
 1169 0174 F4       		.byte	0xf4
 1170 0175 24       		.byte	0x24
 1171 0176 09       		.byte	0x9
 1172 0177 F8       		.byte	0xf8
 1173 0178 26       		.byte	0x26
 1174 0179 9F       		.byte	0x9f
 1175 017a 00000000 		.4byte	0
 1176 017e 00000000 		.4byte	0
 1177              	.LLST6:
 1178 0182 E4000000 		.4byte	.LVL23
 1179 0186 F7000000 		.4byte	.LVL26-1
 1180 018a 0100     		.2byte	0x1
 1181 018c 53       		.byte	0x53
 1182 018d 00000000 		.4byte	0
 1183 0191 00000000 		.4byte	0
 1184              		.section	.debug_aranges,"",%progbits
 1185 0000 1C000000 		.4byte	0x1c
 1186 0004 0200     		.2byte	0x2
 1187 0006 00000000 		.4byte	.Ldebug_info0
 1188 000a 04       		.byte	0x4
 1189 000b 00       		.byte	0
 1190 000c 0000     		.2byte	0
 1191 000e 0000     		.2byte	0
 1192 0010 00000000 		.4byte	.LFB64
 1193 0014 FA000000 		.4byte	.LFE64-.LFB64
 1194 0018 00000000 		.4byte	0
 1195 001c 00000000 		.4byte	0
 1196              		.section	.debug_ranges,"",%progbits
 1197              	.Ldebug_ranges0:
 1198 0000 00000000 		.4byte	.LFB64
 1199 0004 FA000000 		.4byte	.LFE64
 1200 0008 00000000 		.4byte	0
 1201 000c 00000000 		.4byte	0
ARM GAS  C:\Users\marti\AppData\Local\Temp\cc1xyQ5X.s 			page 25


 1202              		.section	.debug_line,"",%progbits
 1203              	.Ldebug_line0:
 1204 0000 C3010000 		.section	.debug_str,"MS",%progbits,1
 1204      02008A01 
 1204      00000201 
 1204      FB0E0D00 
 1204      01010101 
 1205              	.LASF2:
 1206 0000 5F5F7569 		.ascii	"__uint8_t\000"
 1206      6E74385F 
 1206      7400
 1207              	.LASF32:
 1208 000a 5A5F4F75 		.ascii	"Z_Out\000"
 1208      7400
 1209              	.LASF35:
 1210 0010 73746174 		.ascii	"status_reg\000"
 1210      75735F72 
 1210      656700
 1211              	.LASF3:
 1212 001b 5F5F696E 		.ascii	"__int16_t\000"
 1212      7431365F 
 1212      7400
 1213              	.LASF6:
 1214 0025 5F5F696E 		.ascii	"__int32_t\000"
 1214      7433325F 
 1214      7400
 1215              	.LASF7:
 1216 002f 6C6F6E67 		.ascii	"long int\000"
 1216      20696E74 
 1216      00
 1217              	.LASF39:
 1218 0038 55415254 		.ascii	"UART_Debug_PutArray\000"
 1218      5F446562 
 1218      75675F50 
 1218      75744172 
 1218      72617900 
 1219              	.LASF21:
 1220 004c 4572726F 		.ascii	"ErrorCode\000"
 1220      72436F64 
 1220      6500
 1221              	.LASF30:
 1222 0056 595F4F75 		.ascii	"Y_Out\000"
 1222      7400
 1223              	.LASF16:
 1224 005c 666C6F61 		.ascii	"float\000"
 1224      7400
 1225              	.LASF34:
 1226 0062 4F757441 		.ascii	"OutArray\000"
 1226      72726179 
 1226      00
 1227              	.LASF45:
 1228 006b 433A5C55 		.ascii	"C:\\Users\\marti\\OneDrive\\Desktop\\PSoC_03_\\AY19"
 1228      73657273 
 1228      5C6D6172 
 1228      74695C4F 
 1228      6E654472 
 1229 0098 32305F49 		.ascii	"20_II_HW_05_PROJ_3.cydsn\000"
ARM GAS  C:\Users\marti\AppData\Local\Temp\cc1xyQ5X.s 			page 26


 1229      495F4857 
 1229      5F30355F 
 1229      50524F4A 
 1229      5F332E63 
 1230              	.LASF33:
 1231 00b1 5A5F4F75 		.ascii	"Z_Out_mg\000"
 1231      745F6D67 
 1231      00
 1232              	.LASF15:
 1233 00ba 696E7431 		.ascii	"int16\000"
 1233      3600
 1234              	.LASF8:
 1235 00c0 6C6F6E67 		.ascii	"long unsigned int\000"
 1235      20756E73 
 1235      69676E65 
 1235      6420696E 
 1235      7400
 1236              	.LASF5:
 1237 00d2 73686F72 		.ascii	"short unsigned int\000"
 1237      7420756E 
 1237      7369676E 
 1237      65642069 
 1237      6E7400
 1238              	.LASF47:
 1239 00e5 49544D5F 		.ascii	"ITM_RxBuffer\000"
 1239      52784275 
 1239      66666572 
 1239      00
 1240              	.LASF1:
 1241 00f2 756E7369 		.ascii	"unsigned char\000"
 1241      676E6564 
 1241      20636861 
 1241      7200
 1242              	.LASF17:
 1243 0100 646F7562 		.ascii	"double\000"
 1243      6C6500
 1244              	.LASF38:
 1245 0107 4932435F 		.ascii	"I2C_Peripheral_ReadRegisterMulti\000"
 1245      50657269 
 1245      70686572 
 1245      616C5F52 
 1245      65616452 
 1246              	.LASF42:
 1247 0128 4932435F 		.ascii	"I2C_Peripheral_WriteRegister\000"
 1247      50657269 
 1247      70686572 
 1247      616C5F57 
 1247      72697465 
 1248              	.LASF31:
 1249 0145 595F4F75 		.ascii	"Y_Out_mg\000"
 1249      745F6D67 
 1249      00
 1250              	.LASF24:
 1251 014e 6374726C 		.ascii	"ctrl_reg1\000"
 1251      5F726567 
 1251      3100
 1252              	.LASF46:
ARM GAS  C:\Users\marti\AppData\Local\Temp\cc1xyQ5X.s 			page 27


 1253 0158 6D61696E 		.ascii	"main\000"
 1253      00
 1254              	.LASF28:
 1255 015d 585F4F75 		.ascii	"X_Out\000"
 1255      7400
 1256              	.LASF26:
 1257 0163 6374726C 		.ascii	"ctrl_reg4\000"
 1257      5F726567 
 1257      3400
 1258              	.LASF11:
 1259 016d 756E7369 		.ascii	"unsigned int\000"
 1259      676E6564 
 1259      20696E74 
 1259      00
 1260              	.LASF10:
 1261 017a 6C6F6E67 		.ascii	"long long unsigned int\000"
 1261      206C6F6E 
 1261      6720756E 
 1261      7369676E 
 1261      65642069 
 1262              	.LASF12:
 1263 0191 75696E74 		.ascii	"uint8_t\000"
 1263      385F7400 
 1264              	.LASF13:
 1265 0199 696E7431 		.ascii	"int16_t\000"
 1265      365F7400 
 1266              	.LASF29:
 1267 01a1 585F4F75 		.ascii	"X_Out_mg\000"
 1267      745F6D67 
 1267      00
 1268              	.LASF43:
 1269 01aa 474E5520 		.ascii	"GNU C11 5.4.1 20160609 (release) [ARM/embedded-5-br"
 1269      43313120 
 1269      352E342E 
 1269      31203230 
 1269      31363036 
 1270 01dd 616E6368 		.ascii	"anch revision 237715] -mcpu=cortex-m3 -mthumb -g -O"
 1270      20726576 
 1270      6973696F 
 1270      6E203233 
 1270      37373135 
 1271 0210 67202D66 		.ascii	"g -ffunction-sections -ffat-lto-objects\000"
 1271      66756E63 
 1271      74696F6E 
 1271      2D736563 
 1271      74696F6E 
 1272              	.LASF14:
 1273 0238 696E7433 		.ascii	"int32_t\000"
 1273      325F7400 
 1274              	.LASF23:
 1275 0240 73697A65 		.ascii	"sizetype\000"
 1275      74797065 
 1275      00
 1276              	.LASF25:
 1277 0249 6572726F 		.ascii	"error\000"
 1277      7200
 1278              	.LASF9:
ARM GAS  C:\Users\marti\AppData\Local\Temp\cc1xyQ5X.s 			page 28


 1279 024f 6C6F6E67 		.ascii	"long long int\000"
 1279      206C6F6E 
 1279      6720696E 
 1279      7400
 1280              	.LASF41:
 1281 025d 55415254 		.ascii	"UART_Debug_Start\000"
 1281      5F446562 
 1281      75675F53 
 1281      74617274 
 1281      00
 1282              	.LASF44:
 1283 026e 6D61696E 		.ascii	"main.c\000"
 1283      2E6300
 1284              	.LASF18:
 1285 0275 63686172 		.ascii	"char\000"
 1285      00
 1286              	.LASF37:
 1287 027a 4932435F 		.ascii	"I2C_Peripheral_ReadRegister\000"
 1287      50657269 
 1287      70686572 
 1287      616C5F52 
 1287      65616452 
 1288              	.LASF4:
 1289 0296 73686F72 		.ascii	"short int\000"
 1289      7420696E 
 1289      7400
 1290              	.LASF19:
 1291 02a0 4E4F5F45 		.ascii	"NO_ERROR\000"
 1291      52524F52 
 1291      00
 1292              	.LASF20:
 1293 02a9 4552524F 		.ascii	"ERROR\000"
 1293      5200
 1294              	.LASF22:
 1295 02af 6C6F6E67 		.ascii	"long double\000"
 1295      20646F75 
 1295      626C6500 
 1296              	.LASF0:
 1297 02bb 7369676E 		.ascii	"signed char\000"
 1297      65642063 
 1297      68617200 
 1298              	.LASF36:
 1299 02c7 43794465 		.ascii	"CyDelay\000"
 1299      6C617900 
 1300              	.LASF27:
 1301 02cf 41636365 		.ascii	"AccelerationData\000"
 1301      6C657261 
 1301      74696F6E 
 1301      44617461 
 1301      00
 1302              	.LASF40:
 1303 02e0 4932435F 		.ascii	"I2C_Peripheral_Start\000"
 1303      50657269 
 1303      70686572 
 1303      616C5F53 
 1303      74617274 
 1304              		.ident	"GCC: (GNU Tools for ARM Embedded Processors) 5.4.1 20160609 (release) [ARM/embedded-5-bran
ARM GAS  C:\Users\marti\AppData\Local\Temp\cc1xyQ5X.s 			page 29


