ARM GAS  C:\Users\marti\AppData\Local\Temp\ccmUW7hc.s 			page 1


   1              		.syntax unified
   2              		.cpu cortex-m3
   3              		.fpu softvfp
   4              		.eabi_attribute 20, 1
   5              		.eabi_attribute 21, 1
   6              		.eabi_attribute 23, 3
   7              		.eabi_attribute 24, 1
   8              		.eabi_attribute 25, 1
   9              		.eabi_attribute 26, 1
  10              		.eabi_attribute 30, 1
  11              		.eabi_attribute 34, 1
  12              		.eabi_attribute 18, 4
  13              		.thumb
  14              		.syntax unified
  15              		.file	"InterruptRoutines.c"
  16              		.text
  17              	.Ltext0:
  18              		.cfi_sections	.debug_frame
  19              		.section	.text.DataReady_ISR,"ax",%progbits
  20              		.align	2
  21              		.global	DataReady_ISR
  22              		.thumb
  23              		.thumb_func
  24              		.type	DataReady_ISR, %function
  25              	DataReady_ISR:
  26              	.LFB63:
  27              		.file 1 "InterruptRoutines.c"
   1:InterruptRoutines.c **** /* ========================================
   2:InterruptRoutines.c ****  *
   3:InterruptRoutines.c ****  * Copyright YOUR COMPANY, THE YEAR
   4:InterruptRoutines.c ****  * All Rights Reserved
   5:InterruptRoutines.c ****  * UNPUBLISHED, LICENSED SOFTWARE.
   6:InterruptRoutines.c ****  *
   7:InterruptRoutines.c ****  * CONFIDENTIAL AND PROPRIETARY INFORMATION
   8:InterruptRoutines.c ****  * WHICH IS THE PROPERTY OF your company.
   9:InterruptRoutines.c ****  *
  10:InterruptRoutines.c ****  * ========================================
  11:InterruptRoutines.c **** */
  12:InterruptRoutines.c **** #include "InterruptRoutines.h"
  13:InterruptRoutines.c **** #include "Timer_LISD3H.h"
  14:InterruptRoutines.c **** 
  15:InterruptRoutines.c **** uint8_t flag = 0;
  16:InterruptRoutines.c **** 
  17:InterruptRoutines.c **** CY_ISR(DataReady_ISR)
  18:InterruptRoutines.c **** {
  28              		.loc 1 18 0
  29              		.cfi_startproc
  30              		@ args = 0, pretend = 0, frame = 0
  31              		@ frame_needed = 0, uses_anonymous_args = 0
  32 0000 08B5     		push	{r3, lr}
  33              		.cfi_def_cfa_offset 8
  34              		.cfi_offset 3, -8
  35              		.cfi_offset 14, -4
  19:InterruptRoutines.c ****     Timer_LISD3H_ReadStatusRegister();
  36              		.loc 1 19 0
  37 0002 FFF7FEFF 		bl	Timer_LISD3H_ReadStatusRegister
  38              	.LVL0:
ARM GAS  C:\Users\marti\AppData\Local\Temp\ccmUW7hc.s 			page 2


  20:InterruptRoutines.c ****     flag=1;
  39              		.loc 1 20 0
  40 0006 0122     		movs	r2, #1
  41 0008 014B     		ldr	r3, .L3
  42 000a 1A70     		strb	r2, [r3]
  43 000c 08BD     		pop	{r3, pc}
  44              	.L4:
  45 000e 00BF     		.align	2
  46              	.L3:
  47 0010 00000000 		.word	.LANCHOR0
  48              		.cfi_endproc
  49              	.LFE63:
  50              		.size	DataReady_ISR, .-DataReady_ISR
  51              		.global	flag
  52              		.bss
  53              		.set	.LANCHOR0,. + 0
  54              		.type	flag, %object
  55              		.size	flag, 1
  56              	flag:
  57 0000 00       		.space	1
  58              		.text
  59              	.Letext0:
  60              		.file 2 "c:\\program files (x86)\\cypress\\psoc creator\\4.3\\psoc creator\\import\\gnu\\arm\\5.4.
  61              		.file 3 "c:\\program files (x86)\\cypress\\psoc creator\\4.3\\psoc creator\\import\\gnu\\arm\\5.4.
  62              		.file 4 "Generated_Source\\PSoC5/core_cm3.h"
  63              		.file 5 "Generated_Source\\PSoC5/Timer_LISD3H.h"
  64              		.section	.debug_info,"",%progbits
  65              	.Ldebug_info0:
  66 0000 03010000 		.4byte	0x103
  67 0004 0400     		.2byte	0x4
  68 0006 00000000 		.4byte	.Ldebug_abbrev0
  69 000a 04       		.byte	0x4
  70 000b 01       		.uleb128 0x1
  71 000c 2E000000 		.4byte	.LASF20
  72 0010 0C       		.byte	0xc
  73 0011 FD000000 		.4byte	.LASF21
  74 0015 2C010000 		.4byte	.LASF22
  75 0019 00000000 		.4byte	.Ldebug_ranges0+0
  76 001d 00000000 		.4byte	0
  77 0021 00000000 		.4byte	.Ldebug_line0
  78 0025 02       		.uleb128 0x2
  79 0026 01       		.byte	0x1
  80 0027 06       		.byte	0x6
  81 0028 AF010000 		.4byte	.LASF0
  82 002c 03       		.uleb128 0x3
  83 002d F3000000 		.4byte	.LASF4
  84 0031 02       		.byte	0x2
  85 0032 1D       		.byte	0x1d
  86 0033 37000000 		.4byte	0x37
  87 0037 02       		.uleb128 0x2
  88 0038 01       		.byte	0x1
  89 0039 08       		.byte	0x8
  90 003a 19010000 		.4byte	.LASF1
  91 003e 02       		.uleb128 0x2
  92 003f 02       		.byte	0x2
  93 0040 05       		.byte	0x5
  94 0041 D7010000 		.4byte	.LASF2
ARM GAS  C:\Users\marti\AppData\Local\Temp\ccmUW7hc.s 			page 3


  95 0045 02       		.uleb128 0x2
  96 0046 02       		.byte	0x2
  97 0047 07       		.byte	0x7
  98 0048 0E000000 		.4byte	.LASF3
  99 004c 03       		.uleb128 0x3
 100 004d C7010000 		.4byte	.LASF5
 101 0051 02       		.byte	0x2
 102 0052 3F       		.byte	0x3f
 103 0053 57000000 		.4byte	0x57
 104 0057 02       		.uleb128 0x2
 105 0058 04       		.byte	0x4
 106 0059 05       		.byte	0x5
 107 005a 72010000 		.4byte	.LASF6
 108 005e 02       		.uleb128 0x2
 109 005f 04       		.byte	0x4
 110 0060 07       		.byte	0x7
 111 0061 CA000000 		.4byte	.LASF7
 112 0065 02       		.uleb128 0x2
 113 0066 08       		.byte	0x8
 114 0067 05       		.byte	0x5
 115 0068 00000000 		.4byte	.LASF8
 116 006c 02       		.uleb128 0x2
 117 006d 08       		.byte	0x8
 118 006e 07       		.byte	0x7
 119 006f DC000000 		.4byte	.LASF9
 120 0073 04       		.uleb128 0x4
 121 0074 04       		.byte	0x4
 122 0075 05       		.byte	0x5
 123 0076 696E7400 		.ascii	"int\000"
 124 007a 02       		.uleb128 0x2
 125 007b 04       		.byte	0x4
 126 007c 07       		.byte	0x7
 127 007d 21000000 		.4byte	.LASF10
 128 0081 03       		.uleb128 0x3
 129 0082 11010000 		.4byte	.LASF11
 130 0086 03       		.byte	0x3
 131 0087 18       		.byte	0x18
 132 0088 2C000000 		.4byte	0x2c
 133 008c 03       		.uleb128 0x3
 134 008d E1010000 		.4byte	.LASF12
 135 0091 03       		.byte	0x3
 136 0092 2C       		.byte	0x2c
 137 0093 4C000000 		.4byte	0x4c
 138 0097 02       		.uleb128 0x2
 139 0098 04       		.byte	0x4
 140 0099 04       		.byte	0x4
 141 009a D1010000 		.4byte	.LASF13
 142 009e 02       		.uleb128 0x2
 143 009f 08       		.byte	0x8
 144 00a0 04       		.byte	0x4
 145 00a1 9B010000 		.4byte	.LASF14
 146 00a5 02       		.uleb128 0x2
 147 00a6 01       		.byte	0x1
 148 00a7 08       		.byte	0x8
 149 00a8 27010000 		.4byte	.LASF15
 150 00ac 02       		.uleb128 0x2
 151 00ad 08       		.byte	0x8
ARM GAS  C:\Users\marti\AppData\Local\Temp\ccmUW7hc.s 			page 4


 152 00ae 04       		.byte	0x4
 153 00af BB010000 		.4byte	.LASF16
 154 00b3 02       		.uleb128 0x2
 155 00b4 04       		.byte	0x4
 156 00b5 07       		.byte	0x7
 157 00b6 EE010000 		.4byte	.LASF17
 158 00ba 05       		.uleb128 0x5
 159 00bb BC000000 		.4byte	.LASF23
 160 00bf 01       		.byte	0x1
 161 00c0 11       		.byte	0x11
 162 00c1 00000000 		.4byte	.LFB63
 163 00c5 14000000 		.4byte	.LFE63-.LFB63
 164 00c9 01       		.uleb128 0x1
 165 00ca 9C       		.byte	0x9c
 166 00cb D9000000 		.4byte	0xd9
 167 00cf 06       		.uleb128 0x6
 168 00d0 06000000 		.4byte	.LVL0
 169 00d4 FB000000 		.4byte	0xfb
 170 00d8 00       		.byte	0
 171 00d9 07       		.uleb128 0x7
 172 00da A2010000 		.4byte	.LASF18
 173 00de 04       		.byte	0x4
 174 00df 1207     		.2byte	0x712
 175 00e1 E5000000 		.4byte	0xe5
 176 00e5 08       		.uleb128 0x8
 177 00e6 8C000000 		.4byte	0x8c
 178 00ea 09       		.uleb128 0x9
 179 00eb E9010000 		.4byte	.LASF19
 180 00ef 01       		.byte	0x1
 181 00f0 0F       		.byte	0xf
 182 00f1 81000000 		.4byte	0x81
 183 00f5 05       		.uleb128 0x5
 184 00f6 03       		.byte	0x3
 185 00f7 00000000 		.4byte	flag
 186 00fb 0A       		.uleb128 0xa
 187 00fc 7B010000 		.4byte	.LASF24
 188 0100 7B010000 		.4byte	.LASF24
 189 0104 05       		.byte	0x5
 190 0105 5E       		.byte	0x5e
 191 0106 00       		.byte	0
 192              		.section	.debug_abbrev,"",%progbits
 193              	.Ldebug_abbrev0:
 194 0000 01       		.uleb128 0x1
 195 0001 11       		.uleb128 0x11
 196 0002 01       		.byte	0x1
 197 0003 25       		.uleb128 0x25
 198 0004 0E       		.uleb128 0xe
 199 0005 13       		.uleb128 0x13
 200 0006 0B       		.uleb128 0xb
 201 0007 03       		.uleb128 0x3
 202 0008 0E       		.uleb128 0xe
 203 0009 1B       		.uleb128 0x1b
 204 000a 0E       		.uleb128 0xe
 205 000b 55       		.uleb128 0x55
 206 000c 17       		.uleb128 0x17
 207 000d 11       		.uleb128 0x11
 208 000e 01       		.uleb128 0x1
ARM GAS  C:\Users\marti\AppData\Local\Temp\ccmUW7hc.s 			page 5


 209 000f 10       		.uleb128 0x10
 210 0010 17       		.uleb128 0x17
 211 0011 00       		.byte	0
 212 0012 00       		.byte	0
 213 0013 02       		.uleb128 0x2
 214 0014 24       		.uleb128 0x24
 215 0015 00       		.byte	0
 216 0016 0B       		.uleb128 0xb
 217 0017 0B       		.uleb128 0xb
 218 0018 3E       		.uleb128 0x3e
 219 0019 0B       		.uleb128 0xb
 220 001a 03       		.uleb128 0x3
 221 001b 0E       		.uleb128 0xe
 222 001c 00       		.byte	0
 223 001d 00       		.byte	0
 224 001e 03       		.uleb128 0x3
 225 001f 16       		.uleb128 0x16
 226 0020 00       		.byte	0
 227 0021 03       		.uleb128 0x3
 228 0022 0E       		.uleb128 0xe
 229 0023 3A       		.uleb128 0x3a
 230 0024 0B       		.uleb128 0xb
 231 0025 3B       		.uleb128 0x3b
 232 0026 0B       		.uleb128 0xb
 233 0027 49       		.uleb128 0x49
 234 0028 13       		.uleb128 0x13
 235 0029 00       		.byte	0
 236 002a 00       		.byte	0
 237 002b 04       		.uleb128 0x4
 238 002c 24       		.uleb128 0x24
 239 002d 00       		.byte	0
 240 002e 0B       		.uleb128 0xb
 241 002f 0B       		.uleb128 0xb
 242 0030 3E       		.uleb128 0x3e
 243 0031 0B       		.uleb128 0xb
 244 0032 03       		.uleb128 0x3
 245 0033 08       		.uleb128 0x8
 246 0034 00       		.byte	0
 247 0035 00       		.byte	0
 248 0036 05       		.uleb128 0x5
 249 0037 2E       		.uleb128 0x2e
 250 0038 01       		.byte	0x1
 251 0039 3F       		.uleb128 0x3f
 252 003a 19       		.uleb128 0x19
 253 003b 03       		.uleb128 0x3
 254 003c 0E       		.uleb128 0xe
 255 003d 3A       		.uleb128 0x3a
 256 003e 0B       		.uleb128 0xb
 257 003f 3B       		.uleb128 0x3b
 258 0040 0B       		.uleb128 0xb
 259 0041 27       		.uleb128 0x27
 260 0042 19       		.uleb128 0x19
 261 0043 11       		.uleb128 0x11
 262 0044 01       		.uleb128 0x1
 263 0045 12       		.uleb128 0x12
 264 0046 06       		.uleb128 0x6
 265 0047 40       		.uleb128 0x40
ARM GAS  C:\Users\marti\AppData\Local\Temp\ccmUW7hc.s 			page 6


 266 0048 18       		.uleb128 0x18
 267 0049 9742     		.uleb128 0x2117
 268 004b 19       		.uleb128 0x19
 269 004c 01       		.uleb128 0x1
 270 004d 13       		.uleb128 0x13
 271 004e 00       		.byte	0
 272 004f 00       		.byte	0
 273 0050 06       		.uleb128 0x6
 274 0051 898201   		.uleb128 0x4109
 275 0054 00       		.byte	0
 276 0055 11       		.uleb128 0x11
 277 0056 01       		.uleb128 0x1
 278 0057 31       		.uleb128 0x31
 279 0058 13       		.uleb128 0x13
 280 0059 00       		.byte	0
 281 005a 00       		.byte	0
 282 005b 07       		.uleb128 0x7
 283 005c 34       		.uleb128 0x34
 284 005d 00       		.byte	0
 285 005e 03       		.uleb128 0x3
 286 005f 0E       		.uleb128 0xe
 287 0060 3A       		.uleb128 0x3a
 288 0061 0B       		.uleb128 0xb
 289 0062 3B       		.uleb128 0x3b
 290 0063 05       		.uleb128 0x5
 291 0064 49       		.uleb128 0x49
 292 0065 13       		.uleb128 0x13
 293 0066 3F       		.uleb128 0x3f
 294 0067 19       		.uleb128 0x19
 295 0068 3C       		.uleb128 0x3c
 296 0069 19       		.uleb128 0x19
 297 006a 00       		.byte	0
 298 006b 00       		.byte	0
 299 006c 08       		.uleb128 0x8
 300 006d 35       		.uleb128 0x35
 301 006e 00       		.byte	0
 302 006f 49       		.uleb128 0x49
 303 0070 13       		.uleb128 0x13
 304 0071 00       		.byte	0
 305 0072 00       		.byte	0
 306 0073 09       		.uleb128 0x9
 307 0074 34       		.uleb128 0x34
 308 0075 00       		.byte	0
 309 0076 03       		.uleb128 0x3
 310 0077 0E       		.uleb128 0xe
 311 0078 3A       		.uleb128 0x3a
 312 0079 0B       		.uleb128 0xb
 313 007a 3B       		.uleb128 0x3b
 314 007b 0B       		.uleb128 0xb
 315 007c 49       		.uleb128 0x49
 316 007d 13       		.uleb128 0x13
 317 007e 3F       		.uleb128 0x3f
 318 007f 19       		.uleb128 0x19
 319 0080 02       		.uleb128 0x2
 320 0081 18       		.uleb128 0x18
 321 0082 00       		.byte	0
 322 0083 00       		.byte	0
ARM GAS  C:\Users\marti\AppData\Local\Temp\ccmUW7hc.s 			page 7


 323 0084 0A       		.uleb128 0xa
 324 0085 2E       		.uleb128 0x2e
 325 0086 00       		.byte	0
 326 0087 3F       		.uleb128 0x3f
 327 0088 19       		.uleb128 0x19
 328 0089 3C       		.uleb128 0x3c
 329 008a 19       		.uleb128 0x19
 330 008b 6E       		.uleb128 0x6e
 331 008c 0E       		.uleb128 0xe
 332 008d 03       		.uleb128 0x3
 333 008e 0E       		.uleb128 0xe
 334 008f 3A       		.uleb128 0x3a
 335 0090 0B       		.uleb128 0xb
 336 0091 3B       		.uleb128 0x3b
 337 0092 0B       		.uleb128 0xb
 338 0093 00       		.byte	0
 339 0094 00       		.byte	0
 340 0095 00       		.byte	0
 341              		.section	.debug_aranges,"",%progbits
 342 0000 1C000000 		.4byte	0x1c
 343 0004 0200     		.2byte	0x2
 344 0006 00000000 		.4byte	.Ldebug_info0
 345 000a 04       		.byte	0x4
 346 000b 00       		.byte	0
 347 000c 0000     		.2byte	0
 348 000e 0000     		.2byte	0
 349 0010 00000000 		.4byte	.LFB63
 350 0014 14000000 		.4byte	.LFE63-.LFB63
 351 0018 00000000 		.4byte	0
 352 001c 00000000 		.4byte	0
 353              		.section	.debug_ranges,"",%progbits
 354              	.Ldebug_ranges0:
 355 0000 00000000 		.4byte	.LFB63
 356 0004 14000000 		.4byte	.LFE63
 357 0008 00000000 		.4byte	0
 358 000c 00000000 		.4byte	0
 359              		.section	.debug_line,"",%progbits
 360              	.Ldebug_line0:
 361 0000 75010000 		.section	.debug_str,"MS",%progbits,1
 361      02005E01 
 361      00000201 
 361      FB0E0D00 
 361      01010101 
 362              	.LASF8:
 363 0000 6C6F6E67 		.ascii	"long long int\000"
 363      206C6F6E 
 363      6720696E 
 363      7400
 364              	.LASF3:
 365 000e 73686F72 		.ascii	"short unsigned int\000"
 365      7420756E 
 365      7369676E 
 365      65642069 
 365      6E7400
 366              	.LASF10:
 367 0021 756E7369 		.ascii	"unsigned int\000"
 367      676E6564 
ARM GAS  C:\Users\marti\AppData\Local\Temp\ccmUW7hc.s 			page 8


 367      20696E74 
 367      00
 368              	.LASF20:
 369 002e 474E5520 		.ascii	"GNU C11 5.4.1 20160609 (release) [ARM/embedded-5-br"
 369      43313120 
 369      352E342E 
 369      31203230 
 369      31363036 
 370 0061 616E6368 		.ascii	"anch revision 237715] -mcpu=cortex-m3 -mthumb -g -O"
 370      20726576 
 370      6973696F 
 370      6E203233 
 370      37373135 
 371 0094 67202D66 		.ascii	"g -ffunction-sections -ffat-lto-objects\000"
 371      66756E63 
 371      74696F6E 
 371      2D736563 
 371      74696F6E 
 372              	.LASF23:
 373 00bc 44617461 		.ascii	"DataReady_ISR\000"
 373      52656164 
 373      795F4953 
 373      5200
 374              	.LASF7:
 375 00ca 6C6F6E67 		.ascii	"long unsigned int\000"
 375      20756E73 
 375      69676E65 
 375      6420696E 
 375      7400
 376              	.LASF9:
 377 00dc 6C6F6E67 		.ascii	"long long unsigned int\000"
 377      206C6F6E 
 377      6720756E 
 377      7369676E 
 377      65642069 
 378              	.LASF4:
 379 00f3 5F5F7569 		.ascii	"__uint8_t\000"
 379      6E74385F 
 379      7400
 380              	.LASF21:
 381 00fd 496E7465 		.ascii	"InterruptRoutines.c\000"
 381      72727570 
 381      74526F75 
 381      74696E65 
 381      732E6300 
 382              	.LASF11:
 383 0111 75696E74 		.ascii	"uint8_t\000"
 383      385F7400 
 384              	.LASF1:
 385 0119 756E7369 		.ascii	"unsigned char\000"
 385      676E6564 
 385      20636861 
 385      7200
 386              	.LASF15:
 387 0127 63686172 		.ascii	"char\000"
 387      00
 388              	.LASF22:
ARM GAS  C:\Users\marti\AppData\Local\Temp\ccmUW7hc.s 			page 9


 389 012c 433A5C55 		.ascii	"C:\\Users\\marti\\OneDrive\\Desktop\\PSoC_03_\\AY19"
 389      73657273 
 389      5C6D6172 
 389      74695C4F 
 389      6E654472 
 390 0159 32305F49 		.ascii	"20_II_HW_05_PROJ_2.cydsn\000"
 390      495F4857 
 390      5F30355F 
 390      50524F4A 
 390      5F322E63 
 391              	.LASF6:
 392 0172 6C6F6E67 		.ascii	"long int\000"
 392      20696E74 
 392      00
 393              	.LASF24:
 394 017b 54696D65 		.ascii	"Timer_LISD3H_ReadStatusRegister\000"
 394      725F4C49 
 394      53443348 
 394      5F526561 
 394      64537461 
 395              	.LASF14:
 396 019b 646F7562 		.ascii	"double\000"
 396      6C6500
 397              	.LASF18:
 398 01a2 49544D5F 		.ascii	"ITM_RxBuffer\000"
 398      52784275 
 398      66666572 
 398      00
 399              	.LASF0:
 400 01af 7369676E 		.ascii	"signed char\000"
 400      65642063 
 400      68617200 
 401              	.LASF16:
 402 01bb 6C6F6E67 		.ascii	"long double\000"
 402      20646F75 
 402      626C6500 
 403              	.LASF5:
 404 01c7 5F5F696E 		.ascii	"__int32_t\000"
 404      7433325F 
 404      7400
 405              	.LASF13:
 406 01d1 666C6F61 		.ascii	"float\000"
 406      7400
 407              	.LASF2:
 408 01d7 73686F72 		.ascii	"short int\000"
 408      7420696E 
 408      7400
 409              	.LASF12:
 410 01e1 696E7433 		.ascii	"int32_t\000"
 410      325F7400 
 411              	.LASF19:
 412 01e9 666C6167 		.ascii	"flag\000"
 412      00
 413              	.LASF17:
 414 01ee 73697A65 		.ascii	"sizetype\000"
 414      74797065 
 414      00
ARM GAS  C:\Users\marti\AppData\Local\Temp\ccmUW7hc.s 			page 10


 415              		.ident	"GCC: (GNU Tools for ARM Embedded Processors) 5.4.1 20160609 (release) [ARM/embedded-5-bran
