ARM GAS  C:\Users\marti\AppData\Local\Temp\ccRG5rPm.s 			page 1


   1              		.syntax unified
   2              		.cpu cortex-m3
   3              		.fpu softvfp
   4              		.eabi_attribute 20, 1
   5              		.eabi_attribute 21, 1
   6              		.eabi_attribute 23, 3
   7              		.eabi_attribute 24, 1
   8              		.eabi_attribute 25, 1
   9              		.eabi_attribute 26, 1
  10              		.eabi_attribute 30, 1
  11              		.eabi_attribute 34, 1
  12              		.eabi_attribute 18, 4
  13              		.thumb
  14              		.syntax unified
  15              		.file	"main.c"
  16              		.text
  17              	.Ltext0:
  18              		.cfi_sections	.debug_frame
  19              		.section	.text.main,"ax",%progbits
  20              		.align	2
  21              		.global	main
  22              		.thumb
  23              		.thumb_func
  24              		.type	main, %function
  25              	main:
  26              	.LFB64:
  27              		.file 1 "main.c"
   1:main.c        **** /* ========================================
   2:main.c        ****  *
   3:main.c        ****  * Copyright YOUR COMPANY, THE YEAR
   4:main.c        ****  * All Rights Reserved
   5:main.c        ****  * UNPUBLISHED, LICENSED SOFTWARE.
   6:main.c        ****  *
   7:main.c        ****  * CONFIDENTIAL AND PROPRIETARY INFORMATION
   8:main.c        ****  * WHICH IS THE PROPERTY OF your company.
   9:main.c        ****  *
  10:main.c        ****  * ========================================
  11:main.c        **** */
  12:main.c        **** 
  13:main.c        **** // Include header files
  14:main.c        **** #include "I2C_Interface.h"
  15:main.c        **** #include "project.h"
  16:main.c        **** #include "stdio.h"
  17:main.c        **** 
  18:main.c        **** //Brief slave device address
  19:main.c        **** #define LIS3DH_DEVICE_ADDRESS 0x18
  20:main.c        **** 
  21:main.c        **** //Brief WHO AM I register address
  22:main.c        **** #define LIS3DH_WHO_AM_I_REG_ADDR 0x0F
  23:main.c        **** 
  24:main.c        **** //Brief STATUS REGISTER address
  25:main.c        **** #define LIS3DH_STATUS_REG 0x27
  26:main.c        **** 
  27:main.c        **** //Brieg CONTROL REGISTER 1 address
  28:main.c        **** #define LIS3DH_CTRL_REG1 0x20
  29:main.c        **** 
  30:main.c        **** /*Brief HEX value for CONTROL REGISTER 1: Normal mode at 100 Hz
ARM GAS  C:\Users\marti\AppData\Local\Temp\ccRG5rPm.s 			page 2


  31:main.c        **** CTRL_REG1[3]=LPen=0 (Normal mode);
  32:main.c        **** CTRL_REG1[7:4]=ODR[3:0]=0101 (100 Hz)*/
  33:main.c        **** #define LIS3DH_NORMAL_MODE_100_HZ_CTRL_REG1 0x57
  34:main.c        **** 
  35:main.c        **** 
  36:main.c        **** //Brief CONTROL REGISTER 4 address
  37:main.c        **** #define LIS3DH_CTRL_REG4 0x23
  38:main.c        **** /*Brief HEX value for CONTROL REGISTER 4: +- 2.0 g FSR
  39:main.c        **** CTRL_REG4[3]=0 (High resolution disabled)
  40:main.c        **** CTRL_REG4[5:4]=FS[1:0]=00 (2.0 g FSR) */
  41:main.c        **** #define LIS3DH_CTRL_REG4_2g 0x80
  42:main.c        **** 
  43:main.c        **** //Brief OUT_X_L register address (x-axis output LSB)
  44:main.c        **** #define LIS3DH_OUT_X_L 0x28
  45:main.c        **** 
  46:main.c        **** //Brief OUT_Y_L register address (y-axis output LSB)
  47:main.c        **** #define LIS3DH_OUT_Y_L 0x2A
  48:main.c        **** 
  49:main.c        **** //Brief OUT_Z_L register address (z-axis output LSB)
  50:main.c        **** #define LIS3DH_OUT_Z_L 0x2C
  51:main.c        **** 
  52:main.c        **** 
  53:main.c        **** int main(void)
  54:main.c        **** {
  28              		.loc 1 54 0
  29              		.cfi_startproc
  30              		@ args = 0, pretend = 0, frame = 24
  31              		@ frame_needed = 0, uses_anonymous_args = 0
  32 0000 00B5     		push	{lr}
  33              		.cfi_def_cfa_offset 4
  34              		.cfi_offset 14, -4
  35 0002 87B0     		sub	sp, sp, #28
  36              		.cfi_def_cfa_offset 32
  55:main.c        ****     CyGlobalIntEnable; 
  37              		.loc 1 55 0
  38              		.syntax unified
  39              	@ 55 "main.c" 1
  40 0004 62B6     		CPSIE   i
  41              	@ 0 "" 2
  56:main.c        ****     
  57:main.c        ****     //Initialization
  58:main.c        ****     I2C_Peripheral_Start();
  42              		.loc 1 58 0
  43              		.thumb
  44              		.syntax unified
  45 0006 FFF7FEFF 		bl	I2C_Peripheral_Start
  46              	.LVL0:
  59:main.c        ****     UART_Debug_Start();
  47              		.loc 1 59 0
  48 000a FFF7FEFF 		bl	UART_Debug_Start
  49              	.LVL1:
  60:main.c        ****     
  61:main.c        ****     //"The boot procedure is complete about 5 milliseconds after device power-up."
  62:main.c        ****     CyDelay(5); 
  50              		.loc 1 62 0
  51 000e 0520     		movs	r0, #5
  52 0010 FFF7FEFF 		bl	CyDelay
ARM GAS  C:\Users\marti\AppData\Local\Temp\ccRG5rPm.s 			page 3


  53              	.LVL2:
  63:main.c        ****    
  64:main.c        ****     //Reading CONTROL REGISTER 1
  65:main.c        ****     uint8_t ctrl_reg1; 
  66:main.c        ****     ErrorCode error = I2C_Peripheral_ReadRegister(LIS3DH_DEVICE_ADDRESS,
  54              		.loc 1 66 0
  55 0014 0DF11702 		add	r2, sp, #23
  56 0018 2021     		movs	r1, #32
  57 001a 1820     		movs	r0, #24
  58 001c FFF7FEFF 		bl	I2C_Peripheral_ReadRegister
  59              	.LVL3:
  67:main.c        ****                                         LIS3DH_CTRL_REG1,
  68:main.c        ****                                         &ctrl_reg1);
  69:main.c        ****     
  70:main.c        ****     //Writing CONTROL REGISTER 1
  71:main.c        ****     if (ctrl_reg1 != LIS3DH_NORMAL_MODE_100_HZ_CTRL_REG1)
  60              		.loc 1 71 0
  61 0020 9DF81730 		ldrb	r3, [sp, #23]	@ zero_extendqisi2
  62 0024 572B     		cmp	r3, #87
  63 0026 06D0     		beq	.L2
  72:main.c        ****     {
  73:main.c        ****         ctrl_reg1 = LIS3DH_NORMAL_MODE_100_HZ_CTRL_REG1;
  64              		.loc 1 73 0
  65 0028 5722     		movs	r2, #87
  66 002a 8DF81720 		strb	r2, [sp, #23]
  74:main.c        ****         error = I2C_Peripheral_WriteRegister(LIS3DH_DEVICE_ADDRESS,
  67              		.loc 1 74 0
  68 002e 2021     		movs	r1, #32
  69 0030 1820     		movs	r0, #24
  70 0032 FFF7FEFF 		bl	I2C_Peripheral_WriteRegister
  71              	.LVL4:
  72              	.L2:
  75:main.c        ****                                              LIS3DH_CTRL_REG1,
  76:main.c        ****                                              ctrl_reg1);
  77:main.c        ****     }
  78:main.c        ****    
  79:main.c        ****     // Reading CONTROL REGISTER 4   
  80:main.c        ****     uint8_t ctrl_reg4;
  81:main.c        ****     error = I2C_Peripheral_ReadRegister(LIS3DH_DEVICE_ADDRESS,
  73              		.loc 1 81 0
  74 0036 0DF11602 		add	r2, sp, #22
  75 003a 2321     		movs	r1, #35
  76 003c 1820     		movs	r0, #24
  77 003e FFF7FEFF 		bl	I2C_Peripheral_ReadRegister
  78              	.LVL5:
  82:main.c        ****                                         LIS3DH_CTRL_REG4,
  83:main.c        ****                                         &ctrl_reg4);
  84:main.c        ****     // Writing CONTROL REGISTER 4
  85:main.c        ****     if (ctrl_reg4 != LIS3DH_CTRL_REG4_2g)
  79              		.loc 1 85 0
  80 0042 9DF81630 		ldrb	r3, [sp, #22]	@ zero_extendqisi2
  81 0046 802B     		cmp	r3, #128
  82 0048 06D0     		beq	.L3
  86:main.c        ****     {
  87:main.c        ****         ctrl_reg4 = LIS3DH_CTRL_REG4_2g;
  83              		.loc 1 87 0
  84 004a 8022     		movs	r2, #128
ARM GAS  C:\Users\marti\AppData\Local\Temp\ccRG5rPm.s 			page 4


  85 004c 8DF81620 		strb	r2, [sp, #22]
  88:main.c        ****         error = I2C_Peripheral_WriteRegister(LIS3DH_DEVICE_ADDRESS,
  86              		.loc 1 88 0
  87 0050 2321     		movs	r1, #35
  88 0052 1820     		movs	r0, #24
  89 0054 FFF7FEFF 		bl	I2C_Peripheral_WriteRegister
  90              	.LVL6:
  91              	.L3:
  89:main.c        ****                                          LIS3DH_CTRL_REG4,
  90:main.c        ****                                          ctrl_reg4);
  91:main.c        ****     }
  92:main.c        ****     
  93:main.c        ****     //Brief output data variables
  94:main.c        ****     uint8_t AccelerationData[6];
  95:main.c        ****     int16_t X_Out;
  96:main.c        ****     int16_t X_Out_mg;
  97:main.c        ****     int16_t Y_Out;
  98:main.c        ****     int16_t Y_Out_mg;
  99:main.c        ****     int16_t Z_Out;
 100:main.c        ****     int16_t Z_Out_mg;
 101:main.c        ****     uint8_t OutArray[8];
 102:main.c        ****     uint8_t header = 0xA0;
 103:main.c        ****     uint8_t footer = 0xC0;
 104:main.c        ****     
 105:main.c        ****     //Header and footer for communication w/ Bridge Control Panel
 106:main.c        ****     OutArray[0]=header;
  92              		.loc 1 106 0
  93 0058 A023     		movs	r3, #160
  94 005a 8DF80830 		strb	r3, [sp, #8]
 107:main.c        ****     OutArray[7]=footer;
  95              		.loc 1 107 0
  96 005e C023     		movs	r3, #192
  97 0060 8DF80F30 		strb	r3, [sp, #15]
  98              	.L5:
  99              	.LBB2:
 108:main.c        ****     
 109:main.c        ****     for(;;)
 110:main.c        ****     {
 111:main.c        ****         CyDelay(100);
 100              		.loc 1 111 0
 101 0064 6420     		movs	r0, #100
 102 0066 FFF7FEFF 		bl	CyDelay
 103              	.LVL7:
 112:main.c        ****         
 113:main.c        ****        //Reading STATUS REGISTER to check for data availability
 114:main.c        ****        uint8_t status_reg;
 115:main.c        ****        error = I2C_Peripheral_ReadRegister(LIS3DH_DEVICE_ADDRESS,
 104              		.loc 1 115 0
 105 006a 0DF10702 		add	r2, sp, #7
 106 006e 2721     		movs	r1, #39
 107 0070 1820     		movs	r0, #24
 108 0072 FFF7FEFF 		bl	I2C_Peripheral_ReadRegister
 109              	.LVL8:
 116:main.c        ****                                         LIS3DH_STATUS_REG,
 117:main.c        ****                                         &status_reg);
 118:main.c        ****         if (error == NO_ERROR)
 110              		.loc 1 118 0
ARM GAS  C:\Users\marti\AppData\Local\Temp\ccRG5rPm.s 			page 5


 111 0076 0028     		cmp	r0, #0
 112 0078 F4D1     		bne	.L5
 119:main.c        ****         {
 120:main.c        ****             // Check if new data is available (STATUS_REG[3]=ZYXDA=1)
 121:main.c        ****             if ((status_reg & 0x08) > 0)
 113              		.loc 1 121 0
 114 007a 9DF80730 		ldrb	r3, [sp, #7]	@ zero_extendqisi2
 115 007e 13F0080F 		tst	r3, #8
 116 0082 EFD0     		beq	.L5
 122:main.c        ****             {
 123:main.c        ****                     //Multiple register reading starting from OUT_X_L
 124:main.c        ****                     error=I2C_Peripheral_ReadRegisterMulti(LIS3DH_DEVICE_ADDRESS,
 117              		.loc 1 124 0
 118 0084 04AB     		add	r3, sp, #16
 119 0086 0622     		movs	r2, #6
 120 0088 2821     		movs	r1, #40
 121 008a 1820     		movs	r0, #24
 122              	.LVL9:
 123 008c FFF7FEFF 		bl	I2C_Peripheral_ReadRegisterMulti
 124              	.LVL10:
 125:main.c        **** 												LIS3DH_OUT_X_L, 6,
 126:main.c        **** 												AccelerationData); 
 127:main.c        ****                     if (error == NO_ERROR)
 125              		.loc 1 127 0
 126 0090 0028     		cmp	r0, #0
 127 0092 E7D1     		bne	.L5
 128:main.c        ****                     {
 129:main.c        ****                     
 130:main.c        ****                         // Conversion of output data into right-justified 16 bit int (x-axis)
 131:main.c        ****                         X_Out=(int16)(AccelerationData[0] | (AccelerationData[1] << 8)) >> 6;
 128              		.loc 1 131 0
 129 0094 9DF81030 		ldrb	r3, [sp, #16]	@ zero_extendqisi2
 130 0098 9DF81120 		ldrb	r2, [sp, #17]	@ zero_extendqisi2
 131 009c 43EA0223 		orr	r3, r3, r2, lsl #8
 132 00a0 43F38913 		sbfx	r3, r3, #6, #10
 133              	.LVL11:
 132:main.c        ****                         X_Out_mg=X_Out*4; 
 134              		.loc 1 132 0
 135 00a4 9B00     		lsls	r3, r3, #2
 136              	.LVL12:
 137 00a6 9BB2     		uxth	r3, r3
 138              	.LVL13:
 133:main.c        ****                         //LSB (x-axis)
 134:main.c        ****                         OutArray[1]=(uint8_t)(X_Out_mg & 0xFF);
 139              		.loc 1 134 0
 140 00a8 8DF80930 		strb	r3, [sp, #9]
 135:main.c        ****                         //MSB (x-axis)
 136:main.c        ****                         OutArray[2]=(uint8_t)(X_Out_mg >> 8);
 141              		.loc 1 136 0
 142 00ac 1B0A     		lsrs	r3, r3, #8
 143              	.LVL14:
 144 00ae 8DF80A30 		strb	r3, [sp, #10]
 137:main.c        ****                         // Conversion of output data into right-justified 16 bit int (y-axis)
 138:main.c        ****                         Y_Out=(int16)(AccelerationData[2]|(AccelerationData[3]<<8))>>6;
 145              		.loc 1 138 0
 146 00b2 9DF81230 		ldrb	r3, [sp, #18]	@ zero_extendqisi2
 147 00b6 9DF81320 		ldrb	r2, [sp, #19]	@ zero_extendqisi2
ARM GAS  C:\Users\marti\AppData\Local\Temp\ccRG5rPm.s 			page 6


 148              	.LVL15:
 149 00ba 43EA0223 		orr	r3, r3, r2, lsl #8
 150 00be 43F38913 		sbfx	r3, r3, #6, #10
 151              	.LVL16:
 139:main.c        ****                         Y_Out_mg=Y_Out*4; 
 152              		.loc 1 139 0
 153 00c2 9B00     		lsls	r3, r3, #2
 154              	.LVL17:
 155 00c4 9BB2     		uxth	r3, r3
 156              	.LVL18:
 140:main.c        ****                         //LSB (y-axis)
 141:main.c        ****                         OutArray[3]=(uint8_t)(Y_Out_mg & 0xFF);
 157              		.loc 1 141 0
 158 00c6 8DF80B30 		strb	r3, [sp, #11]
 142:main.c        ****                         //MSB (y-axis)
 143:main.c        ****                         OutArray[4]=(uint8_t)(Y_Out_mg >> 8);
 159              		.loc 1 143 0
 160 00ca 1B0A     		lsrs	r3, r3, #8
 161              	.LVL19:
 162 00cc 8DF80C30 		strb	r3, [sp, #12]
 144:main.c        ****                         // Conversion of output data into right-justified 16 bit int (z-axis)
 145:main.c        ****                         Z_Out=(int16)(AccelerationData[4]|(AccelerationData[5]<<8))>>6;
 163              		.loc 1 145 0
 164 00d0 9DF81430 		ldrb	r3, [sp, #20]	@ zero_extendqisi2
 165 00d4 9DF81520 		ldrb	r2, [sp, #21]	@ zero_extendqisi2
 166              	.LVL20:
 167 00d8 43EA0223 		orr	r3, r3, r2, lsl #8
 168 00dc 43F38913 		sbfx	r3, r3, #6, #10
 169              	.LVL21:
 146:main.c        ****                         Z_Out_mg=Z_Out*4; 
 170              		.loc 1 146 0
 171 00e0 9B00     		lsls	r3, r3, #2
 172              	.LVL22:
 173 00e2 9BB2     		uxth	r3, r3
 174              	.LVL23:
 147:main.c        ****                         //LSB (z-axis)
 148:main.c        ****                         OutArray[5]=(uint8_t)(Z_Out_mg & 0xFF);
 175              		.loc 1 148 0
 176 00e4 8DF80D30 		strb	r3, [sp, #13]
 149:main.c        ****                         //MSB (z-axis)
 150:main.c        ****                         OutArray[6]=(uint8_t)(Z_Out_mg >> 8);
 177              		.loc 1 150 0
 178 00e8 1B0A     		lsrs	r3, r3, #8
 179              	.LVL24:
 180 00ea 8DF80E30 		strb	r3, [sp, #14]
 151:main.c        ****                     
 152:main.c        ****                          UART_Debug_PutArray(OutArray,8);
 181              		.loc 1 152 0
 182 00ee 0821     		movs	r1, #8
 183 00f0 0DEB0100 		add	r0, sp, r1
 184              	.LVL25:
 185 00f4 FFF7FEFF 		bl	UART_Debug_PutArray
 186              	.LVL26:
 187              	.LBE2:
 153:main.c        ****                     }
 154:main.c        ****             }
 155:main.c        ****         } 
ARM GAS  C:\Users\marti\AppData\Local\Temp\ccRG5rPm.s 			page 7


 156:main.c        ****         
 157:main.c        ****     }
 188              		.loc 1 157 0
 189 00f8 B4E7     		b	.L5
 190              		.cfi_endproc
 191              	.LFE64:
 192              		.size	main, .-main
 193 00fa 00BF     		.text
 194              	.Letext0:
 195              		.file 2 "c:\\program files (x86)\\cypress\\psoc creator\\4.3\\psoc creator\\import\\gnu\\arm\\5.4.
 196              		.file 3 "c:\\program files (x86)\\cypress\\psoc creator\\4.3\\psoc creator\\import\\gnu\\arm\\5.4.
 197              		.file 4 "Generated_Source\\PSoC5/cytypes.h"
 198              		.file 5 "ErrorCodes.h"
 199              		.file 6 "Generated_Source\\PSoC5/CyLib.h"
 200              		.file 7 "I2C_Interface.h"
 201              		.file 8 "Generated_Source\\PSoC5/UART_Debug.h"
 202              		.file 9 "Generated_Source\\PSoC5/core_cm3.h"
 203              		.section	.debug_info,"",%progbits
 204              	.Ldebug_info0:
 205 0000 74030000 		.4byte	0x374
 206 0004 0400     		.2byte	0x4
 207 0006 00000000 		.4byte	.Ldebug_abbrev0
 208 000a 04       		.byte	0x4
 209 000b 01       		.uleb128 0x1
 210 000c AB010000 		.4byte	.LASF45
 211 0010 0C       		.byte	0xc
 212 0011 6F020000 		.4byte	.LASF46
 213 0015 00000000 		.4byte	.LASF47
 214 0019 00000000 		.4byte	.Ldebug_ranges0+0
 215 001d 00000000 		.4byte	0
 216 0021 00000000 		.4byte	.Ldebug_line0
 217 0025 02       		.uleb128 0x2
 218 0026 01       		.byte	0x1
 219 0027 06       		.byte	0x6
 220 0028 C9020000 		.4byte	.LASF0
 221 002c 03       		.uleb128 0x3
 222 002d 68000000 		.4byte	.LASF2
 223 0031 02       		.byte	0x2
 224 0032 1D       		.byte	0x1d
 225 0033 37000000 		.4byte	0x37
 226 0037 02       		.uleb128 0x2
 227 0038 01       		.byte	0x1
 228 0039 08       		.byte	0x8
 229 003a B8000000 		.4byte	.LASF1
 230 003e 03       		.uleb128 0x3
 231 003f 5E000000 		.4byte	.LASF3
 232 0043 02       		.byte	0x2
 233 0044 29       		.byte	0x29
 234 0045 49000000 		.4byte	0x49
 235 0049 02       		.uleb128 0x2
 236 004a 02       		.byte	0x2
 237 004b 05       		.byte	0x5
 238 004c A4020000 		.4byte	.LASF4
 239 0050 02       		.uleb128 0x2
 240 0051 02       		.byte	0x2
 241 0052 07       		.byte	0x7
 242 0053 E7000000 		.4byte	.LASF5
ARM GAS  C:\Users\marti\AppData\Local\Temp\ccRG5rPm.s 			page 8


 243 0057 03       		.uleb128 0x3
 244 0058 72000000 		.4byte	.LASF6
 245 005c 02       		.byte	0x2
 246 005d 3F       		.byte	0x3f
 247 005e 62000000 		.4byte	0x62
 248 0062 02       		.uleb128 0x2
 249 0063 04       		.byte	0x4
 250 0064 05       		.byte	0x5
 251 0065 7C000000 		.4byte	.LASF7
 252 0069 02       		.uleb128 0x2
 253 006a 04       		.byte	0x4
 254 006b 07       		.byte	0x7
 255 006c D5000000 		.4byte	.LASF8
 256 0070 02       		.uleb128 0x2
 257 0071 08       		.byte	0x8
 258 0072 05       		.byte	0x5
 259 0073 50020000 		.4byte	.LASF9
 260 0077 02       		.uleb128 0x2
 261 0078 08       		.byte	0x8
 262 0079 07       		.byte	0x7
 263 007a 7B010000 		.4byte	.LASF10
 264 007e 04       		.uleb128 0x4
 265 007f 04       		.byte	0x4
 266 0080 05       		.byte	0x5
 267 0081 696E7400 		.ascii	"int\000"
 268 0085 02       		.uleb128 0x2
 269 0086 04       		.byte	0x4
 270 0087 07       		.byte	0x7
 271 0088 6E010000 		.4byte	.LASF11
 272 008c 03       		.uleb128 0x3
 273 008d 92010000 		.4byte	.LASF12
 274 0091 03       		.byte	0x3
 275 0092 18       		.byte	0x18
 276 0093 2C000000 		.4byte	0x2c
 277 0097 03       		.uleb128 0x3
 278 0098 9A010000 		.4byte	.LASF13
 279 009c 03       		.byte	0x3
 280 009d 20       		.byte	0x20
 281 009e 3E000000 		.4byte	0x3e
 282 00a2 03       		.uleb128 0x3
 283 00a3 39020000 		.4byte	.LASF14
 284 00a7 03       		.byte	0x3
 285 00a8 2C       		.byte	0x2c
 286 00a9 57000000 		.4byte	0x57
 287 00ad 05       		.uleb128 0x5
 288 00ae CF000000 		.4byte	.LASF15
 289 00b2 04       		.byte	0x4
 290 00b3 E801     		.2byte	0x1e8
 291 00b5 49000000 		.4byte	0x49
 292 00b9 02       		.uleb128 0x2
 293 00ba 04       		.byte	0x4
 294 00bb 04       		.byte	0x4
 295 00bc A9000000 		.4byte	.LASF16
 296 00c0 02       		.uleb128 0x2
 297 00c1 08       		.byte	0x8
 298 00c2 04       		.byte	0x4
 299 00c3 01010000 		.4byte	.LASF17
ARM GAS  C:\Users\marti\AppData\Local\Temp\ccRG5rPm.s 			page 9


 300 00c7 02       		.uleb128 0x2
 301 00c8 01       		.byte	0x1
 302 00c9 08       		.byte	0x8
 303 00ca 76020000 		.4byte	.LASF18
 304 00ce 06       		.uleb128 0x6
 305 00cf 01       		.byte	0x1
 306 00d0 37000000 		.4byte	0x37
 307 00d4 05       		.byte	0x5
 308 00d5 15       		.byte	0x15
 309 00d6 E7000000 		.4byte	0xe7
 310 00da 07       		.uleb128 0x7
 311 00db AE020000 		.4byte	.LASF19
 312 00df 00       		.byte	0
 313 00e0 07       		.uleb128 0x7
 314 00e1 B7020000 		.4byte	.LASF20
 315 00e5 01       		.byte	0x1
 316 00e6 00       		.byte	0
 317 00e7 03       		.uleb128 0x3
 318 00e8 99000000 		.4byte	.LASF21
 319 00ec 05       		.byte	0x5
 320 00ed 18       		.byte	0x18
 321 00ee CE000000 		.4byte	0xce
 322 00f2 02       		.uleb128 0x2
 323 00f3 08       		.byte	0x8
 324 00f4 04       		.byte	0x4
 325 00f5 BD020000 		.4byte	.LASF22
 326 00f9 02       		.uleb128 0x2
 327 00fa 04       		.byte	0x4
 328 00fb 07       		.byte	0x7
 329 00fc 41020000 		.4byte	.LASF23
 330 0100 08       		.uleb128 0x8
 331 0101 59010000 		.4byte	.LASF48
 332 0105 01       		.byte	0x1
 333 0106 35       		.byte	0x35
 334 0107 7E000000 		.4byte	0x7e
 335 010b 00000000 		.4byte	.LFB64
 336 010f FA000000 		.4byte	.LFE64-.LFB64
 337 0113 01       		.uleb128 0x1
 338 0114 9C       		.byte	0x9c
 339 0115 F9020000 		.4byte	0x2f9
 340 0119 09       		.uleb128 0x9
 341 011a 4F010000 		.4byte	.LASF24
 342 011e 01       		.byte	0x1
 343 011f 41       		.byte	0x41
 344 0120 8C000000 		.4byte	0x8c
 345 0124 02       		.uleb128 0x2
 346 0125 91       		.byte	0x91
 347 0126 77       		.sleb128 -9
 348 0127 0A       		.uleb128 0xa
 349 0128 4A020000 		.4byte	.LASF25
 350 012c 01       		.byte	0x1
 351 012d 42       		.byte	0x42
 352 012e E7000000 		.4byte	0xe7
 353 0132 00000000 		.4byte	.LLST0
 354 0136 09       		.uleb128 0x9
 355 0137 64010000 		.4byte	.LASF26
 356 013b 01       		.byte	0x1
ARM GAS  C:\Users\marti\AppData\Local\Temp\ccRG5rPm.s 			page 10


 357 013c 50       		.byte	0x50
 358 013d 8C000000 		.4byte	0x8c
 359 0141 02       		.uleb128 0x2
 360 0142 91       		.byte	0x91
 361 0143 76       		.sleb128 -10
 362 0144 09       		.uleb128 0x9
 363 0145 DD020000 		.4byte	.LASF27
 364 0149 01       		.byte	0x1
 365 014a 5E       		.byte	0x5e
 366 014b F9020000 		.4byte	0x2f9
 367 014f 02       		.uleb128 0x2
 368 0150 91       		.byte	0x91
 369 0151 70       		.sleb128 -16
 370 0152 0A       		.uleb128 0xa
 371 0153 5E010000 		.4byte	.LASF28
 372 0157 01       		.byte	0x1
 373 0158 5F       		.byte	0x5f
 374 0159 97000000 		.4byte	0x97
 375 015d 1E000000 		.4byte	.LLST1
 376 0161 0A       		.uleb128 0xa
 377 0162 A2010000 		.4byte	.LASF29
 378 0166 01       		.byte	0x1
 379 0167 60       		.byte	0x60
 380 0168 97000000 		.4byte	0x97
 381 016c 70000000 		.4byte	.LLST2
 382 0170 0A       		.uleb128 0xa
 383 0171 A3000000 		.4byte	.LASF30
 384 0175 01       		.byte	0x1
 385 0176 61       		.byte	0x61
 386 0177 97000000 		.4byte	0x97
 387 017b C6000000 		.4byte	.LLST3
 388 017f 0A       		.uleb128 0xa
 389 0180 46010000 		.4byte	.LASF31
 390 0184 01       		.byte	0x1
 391 0185 62       		.byte	0x62
 392 0186 97000000 		.4byte	0x97
 393 018a 18010000 		.4byte	.LLST4
 394 018e 0A       		.uleb128 0xa
 395 018f 4D000000 		.4byte	.LASF32
 396 0193 01       		.byte	0x1
 397 0194 63       		.byte	0x63
 398 0195 97000000 		.4byte	0x97
 399 0199 6E010000 		.4byte	.LLST5
 400 019d 0A       		.uleb128 0xa
 401 019e C6000000 		.4byte	.LASF33
 402 01a2 01       		.byte	0x1
 403 01a3 64       		.byte	0x64
 404 01a4 97000000 		.4byte	0x97
 405 01a8 9E010000 		.4byte	.LLST6
 406 01ac 09       		.uleb128 0x9
 407 01ad AF000000 		.4byte	.LASF34
 408 01b1 01       		.byte	0x1
 409 01b2 65       		.byte	0x65
 410 01b3 09030000 		.4byte	0x309
 411 01b7 02       		.uleb128 0x2
 412 01b8 91       		.byte	0x91
 413 01b9 68       		.sleb128 -24
ARM GAS  C:\Users\marti\AppData\Local\Temp\ccRG5rPm.s 			page 11


 414 01ba 0B       		.uleb128 0xb
 415 01bb 46000000 		.4byte	.LASF35
 416 01bf 01       		.byte	0x1
 417 01c0 66       		.byte	0x66
 418 01c1 8C000000 		.4byte	0x8c
 419 01c5 A07F     		.sleb128 -96
 420 01c7 0B       		.uleb128 0xb
 421 01c8 FA000000 		.4byte	.LASF36
 422 01cc 01       		.byte	0x1
 423 01cd 67       		.byte	0x67
 424 01ce 8C000000 		.4byte	0x8c
 425 01d2 40       		.sleb128 -64
 426 01d3 0C       		.uleb128 0xc
 427 01d4 64000000 		.4byte	.LBB2
 428 01d8 94000000 		.4byte	.LBE2-.LBB2
 429 01dc 5B020000 		.4byte	0x25b
 430 01e0 09       		.uleb128 0x9
 431 01e1 53000000 		.4byte	.LASF37
 432 01e5 01       		.byte	0x1
 433 01e6 72       		.byte	0x72
 434 01e7 8C000000 		.4byte	0x8c
 435 01eb 02       		.uleb128 0x2
 436 01ec 91       		.byte	0x91
 437 01ed 67       		.sleb128 -25
 438 01ee 0D       		.uleb128 0xd
 439 01ef 6A000000 		.4byte	.LVL7
 440 01f3 2A030000 		.4byte	0x32a
 441 01f7 02020000 		.4byte	0x202
 442 01fb 0E       		.uleb128 0xe
 443 01fc 01       		.uleb128 0x1
 444 01fd 50       		.byte	0x50
 445 01fe 02       		.uleb128 0x2
 446 01ff 08       		.byte	0x8
 447 0200 64       		.byte	0x64
 448 0201 00       		.byte	0
 449 0202 0D       		.uleb128 0xd
 450 0203 76000000 		.4byte	.LVL8
 451 0207 35030000 		.4byte	0x335
 452 020b 21020000 		.4byte	0x221
 453 020f 0E       		.uleb128 0xe
 454 0210 01       		.uleb128 0x1
 455 0211 50       		.byte	0x50
 456 0212 01       		.uleb128 0x1
 457 0213 48       		.byte	0x48
 458 0214 0E       		.uleb128 0xe
 459 0215 01       		.uleb128 0x1
 460 0216 51       		.byte	0x51
 461 0217 02       		.uleb128 0x2
 462 0218 08       		.byte	0x8
 463 0219 27       		.byte	0x27
 464 021a 0E       		.uleb128 0xe
 465 021b 01       		.uleb128 0x1
 466 021c 52       		.byte	0x52
 467 021d 02       		.uleb128 0x2
 468 021e 91       		.byte	0x91
 469 021f 67       		.sleb128 -25
 470 0220 00       		.byte	0
ARM GAS  C:\Users\marti\AppData\Local\Temp\ccRG5rPm.s 			page 12


 471 0221 0D       		.uleb128 0xd
 472 0222 90000000 		.4byte	.LVL10
 473 0226 40030000 		.4byte	0x340
 474 022a 45020000 		.4byte	0x245
 475 022e 0E       		.uleb128 0xe
 476 022f 01       		.uleb128 0x1
 477 0230 50       		.byte	0x50
 478 0231 01       		.uleb128 0x1
 479 0232 48       		.byte	0x48
 480 0233 0E       		.uleb128 0xe
 481 0234 01       		.uleb128 0x1
 482 0235 51       		.byte	0x51
 483 0236 02       		.uleb128 0x2
 484 0237 08       		.byte	0x8
 485 0238 28       		.byte	0x28
 486 0239 0E       		.uleb128 0xe
 487 023a 01       		.uleb128 0x1
 488 023b 52       		.byte	0x52
 489 023c 01       		.uleb128 0x1
 490 023d 36       		.byte	0x36
 491 023e 0E       		.uleb128 0xe
 492 023f 01       		.uleb128 0x1
 493 0240 53       		.byte	0x53
 494 0241 02       		.uleb128 0x2
 495 0242 91       		.byte	0x91
 496 0243 70       		.sleb128 -16
 497 0244 00       		.byte	0
 498 0245 0F       		.uleb128 0xf
 499 0246 F8000000 		.4byte	.LVL26
 500 024a 4B030000 		.4byte	0x34b
 501 024e 0E       		.uleb128 0xe
 502 024f 01       		.uleb128 0x1
 503 0250 50       		.byte	0x50
 504 0251 02       		.uleb128 0x2
 505 0252 91       		.byte	0x91
 506 0253 68       		.sleb128 -24
 507 0254 0E       		.uleb128 0xe
 508 0255 01       		.uleb128 0x1
 509 0256 51       		.byte	0x51
 510 0257 01       		.uleb128 0x1
 511 0258 38       		.byte	0x38
 512 0259 00       		.byte	0
 513 025a 00       		.byte	0
 514 025b 10       		.uleb128 0x10
 515 025c 0A000000 		.4byte	.LVL0
 516 0260 56030000 		.4byte	0x356
 517 0264 10       		.uleb128 0x10
 518 0265 0E000000 		.4byte	.LVL1
 519 0269 61030000 		.4byte	0x361
 520 026d 0D       		.uleb128 0xd
 521 026e 14000000 		.4byte	.LVL2
 522 0272 2A030000 		.4byte	0x32a
 523 0276 80020000 		.4byte	0x280
 524 027a 0E       		.uleb128 0xe
 525 027b 01       		.uleb128 0x1
 526 027c 50       		.byte	0x50
 527 027d 01       		.uleb128 0x1
ARM GAS  C:\Users\marti\AppData\Local\Temp\ccRG5rPm.s 			page 13


 528 027e 35       		.byte	0x35
 529 027f 00       		.byte	0
 530 0280 0D       		.uleb128 0xd
 531 0281 20000000 		.4byte	.LVL3
 532 0285 35030000 		.4byte	0x335
 533 0289 9F020000 		.4byte	0x29f
 534 028d 0E       		.uleb128 0xe
 535 028e 01       		.uleb128 0x1
 536 028f 50       		.byte	0x50
 537 0290 01       		.uleb128 0x1
 538 0291 48       		.byte	0x48
 539 0292 0E       		.uleb128 0xe
 540 0293 01       		.uleb128 0x1
 541 0294 51       		.byte	0x51
 542 0295 02       		.uleb128 0x2
 543 0296 08       		.byte	0x8
 544 0297 20       		.byte	0x20
 545 0298 0E       		.uleb128 0xe
 546 0299 01       		.uleb128 0x1
 547 029a 52       		.byte	0x52
 548 029b 02       		.uleb128 0x2
 549 029c 91       		.byte	0x91
 550 029d 77       		.sleb128 -9
 551 029e 00       		.byte	0
 552 029f 0D       		.uleb128 0xd
 553 02a0 36000000 		.4byte	.LVL4
 554 02a4 6C030000 		.4byte	0x36c
 555 02a8 BE020000 		.4byte	0x2be
 556 02ac 0E       		.uleb128 0xe
 557 02ad 01       		.uleb128 0x1
 558 02ae 50       		.byte	0x50
 559 02af 01       		.uleb128 0x1
 560 02b0 48       		.byte	0x48
 561 02b1 0E       		.uleb128 0xe
 562 02b2 01       		.uleb128 0x1
 563 02b3 51       		.byte	0x51
 564 02b4 02       		.uleb128 0x2
 565 02b5 08       		.byte	0x8
 566 02b6 20       		.byte	0x20
 567 02b7 0E       		.uleb128 0xe
 568 02b8 01       		.uleb128 0x1
 569 02b9 52       		.byte	0x52
 570 02ba 02       		.uleb128 0x2
 571 02bb 08       		.byte	0x8
 572 02bc 57       		.byte	0x57
 573 02bd 00       		.byte	0
 574 02be 0D       		.uleb128 0xd
 575 02bf 42000000 		.4byte	.LVL5
 576 02c3 35030000 		.4byte	0x335
 577 02c7 DD020000 		.4byte	0x2dd
 578 02cb 0E       		.uleb128 0xe
 579 02cc 01       		.uleb128 0x1
 580 02cd 50       		.byte	0x50
 581 02ce 01       		.uleb128 0x1
 582 02cf 48       		.byte	0x48
 583 02d0 0E       		.uleb128 0xe
 584 02d1 01       		.uleb128 0x1
ARM GAS  C:\Users\marti\AppData\Local\Temp\ccRG5rPm.s 			page 14


 585 02d2 51       		.byte	0x51
 586 02d3 02       		.uleb128 0x2
 587 02d4 08       		.byte	0x8
 588 02d5 23       		.byte	0x23
 589 02d6 0E       		.uleb128 0xe
 590 02d7 01       		.uleb128 0x1
 591 02d8 52       		.byte	0x52
 592 02d9 02       		.uleb128 0x2
 593 02da 91       		.byte	0x91
 594 02db 76       		.sleb128 -10
 595 02dc 00       		.byte	0
 596 02dd 0F       		.uleb128 0xf
 597 02de 58000000 		.4byte	.LVL6
 598 02e2 6C030000 		.4byte	0x36c
 599 02e6 0E       		.uleb128 0xe
 600 02e7 01       		.uleb128 0x1
 601 02e8 50       		.byte	0x50
 602 02e9 01       		.uleb128 0x1
 603 02ea 48       		.byte	0x48
 604 02eb 0E       		.uleb128 0xe
 605 02ec 01       		.uleb128 0x1
 606 02ed 51       		.byte	0x51
 607 02ee 02       		.uleb128 0x2
 608 02ef 08       		.byte	0x8
 609 02f0 23       		.byte	0x23
 610 02f1 0E       		.uleb128 0xe
 611 02f2 01       		.uleb128 0x1
 612 02f3 52       		.byte	0x52
 613 02f4 02       		.uleb128 0x2
 614 02f5 09       		.byte	0x9
 615 02f6 80       		.byte	0x80
 616 02f7 00       		.byte	0
 617 02f8 00       		.byte	0
 618 02f9 11       		.uleb128 0x11
 619 02fa 8C000000 		.4byte	0x8c
 620 02fe 09030000 		.4byte	0x309
 621 0302 12       		.uleb128 0x12
 622 0303 F9000000 		.4byte	0xf9
 623 0307 05       		.byte	0x5
 624 0308 00       		.byte	0
 625 0309 11       		.uleb128 0x11
 626 030a 8C000000 		.4byte	0x8c
 627 030e 19030000 		.4byte	0x319
 628 0312 12       		.uleb128 0x12
 629 0313 F9000000 		.4byte	0xf9
 630 0317 07       		.byte	0x7
 631 0318 00       		.byte	0
 632 0319 13       		.uleb128 0x13
 633 031a 97020000 		.4byte	.LASF49
 634 031e 09       		.byte	0x9
 635 031f 1207     		.2byte	0x712
 636 0321 25030000 		.4byte	0x325
 637 0325 14       		.uleb128 0x14
 638 0326 A2000000 		.4byte	0xa2
 639 032a 15       		.uleb128 0x15
 640 032b D5020000 		.4byte	.LASF38
 641 032f D5020000 		.4byte	.LASF38
ARM GAS  C:\Users\marti\AppData\Local\Temp\ccRG5rPm.s 			page 15


 642 0333 06       		.byte	0x6
 643 0334 76       		.byte	0x76
 644 0335 15       		.uleb128 0x15
 645 0336 7B020000 		.4byte	.LASF39
 646 033a 7B020000 		.4byte	.LASF39
 647 033e 07       		.byte	0x7
 648 033f 28       		.byte	0x28
 649 0340 15       		.uleb128 0x15
 650 0341 08010000 		.4byte	.LASF40
 651 0345 08010000 		.4byte	.LASF40
 652 0349 07       		.byte	0x7
 653 034a 36       		.byte	0x36
 654 034b 15       		.uleb128 0x15
 655 034c 85000000 		.4byte	.LASF41
 656 0350 85000000 		.4byte	.LASF41
 657 0354 08       		.byte	0x8
 658 0355 8C       		.byte	0x8c
 659 0356 15       		.uleb128 0x15
 660 0357 EE020000 		.4byte	.LASF42
 661 035b EE020000 		.4byte	.LASF42
 662 035f 07       		.byte	0x7
 663 0360 17       		.byte	0x17
 664 0361 15       		.uleb128 0x15
 665 0362 5E020000 		.4byte	.LASF43
 666 0366 5E020000 		.4byte	.LASF43
 667 036a 08       		.byte	0x8
 668 036b 54       		.byte	0x54
 669 036c 15       		.uleb128 0x15
 670 036d 29010000 		.4byte	.LASF44
 671 0371 29010000 		.4byte	.LASF44
 672 0375 07       		.byte	0x7
 673 0376 43       		.byte	0x43
 674 0377 00       		.byte	0
 675              		.section	.debug_abbrev,"",%progbits
 676              	.Ldebug_abbrev0:
 677 0000 01       		.uleb128 0x1
 678 0001 11       		.uleb128 0x11
 679 0002 01       		.byte	0x1
 680 0003 25       		.uleb128 0x25
 681 0004 0E       		.uleb128 0xe
 682 0005 13       		.uleb128 0x13
 683 0006 0B       		.uleb128 0xb
 684 0007 03       		.uleb128 0x3
 685 0008 0E       		.uleb128 0xe
 686 0009 1B       		.uleb128 0x1b
 687 000a 0E       		.uleb128 0xe
 688 000b 55       		.uleb128 0x55
 689 000c 17       		.uleb128 0x17
 690 000d 11       		.uleb128 0x11
 691 000e 01       		.uleb128 0x1
 692 000f 10       		.uleb128 0x10
 693 0010 17       		.uleb128 0x17
 694 0011 00       		.byte	0
 695 0012 00       		.byte	0
 696 0013 02       		.uleb128 0x2
 697 0014 24       		.uleb128 0x24
 698 0015 00       		.byte	0
ARM GAS  C:\Users\marti\AppData\Local\Temp\ccRG5rPm.s 			page 16


 699 0016 0B       		.uleb128 0xb
 700 0017 0B       		.uleb128 0xb
 701 0018 3E       		.uleb128 0x3e
 702 0019 0B       		.uleb128 0xb
 703 001a 03       		.uleb128 0x3
 704 001b 0E       		.uleb128 0xe
 705 001c 00       		.byte	0
 706 001d 00       		.byte	0
 707 001e 03       		.uleb128 0x3
 708 001f 16       		.uleb128 0x16
 709 0020 00       		.byte	0
 710 0021 03       		.uleb128 0x3
 711 0022 0E       		.uleb128 0xe
 712 0023 3A       		.uleb128 0x3a
 713 0024 0B       		.uleb128 0xb
 714 0025 3B       		.uleb128 0x3b
 715 0026 0B       		.uleb128 0xb
 716 0027 49       		.uleb128 0x49
 717 0028 13       		.uleb128 0x13
 718 0029 00       		.byte	0
 719 002a 00       		.byte	0
 720 002b 04       		.uleb128 0x4
 721 002c 24       		.uleb128 0x24
 722 002d 00       		.byte	0
 723 002e 0B       		.uleb128 0xb
 724 002f 0B       		.uleb128 0xb
 725 0030 3E       		.uleb128 0x3e
 726 0031 0B       		.uleb128 0xb
 727 0032 03       		.uleb128 0x3
 728 0033 08       		.uleb128 0x8
 729 0034 00       		.byte	0
 730 0035 00       		.byte	0
 731 0036 05       		.uleb128 0x5
 732 0037 16       		.uleb128 0x16
 733 0038 00       		.byte	0
 734 0039 03       		.uleb128 0x3
 735 003a 0E       		.uleb128 0xe
 736 003b 3A       		.uleb128 0x3a
 737 003c 0B       		.uleb128 0xb
 738 003d 3B       		.uleb128 0x3b
 739 003e 05       		.uleb128 0x5
 740 003f 49       		.uleb128 0x49
 741 0040 13       		.uleb128 0x13
 742 0041 00       		.byte	0
 743 0042 00       		.byte	0
 744 0043 06       		.uleb128 0x6
 745 0044 04       		.uleb128 0x4
 746 0045 01       		.byte	0x1
 747 0046 0B       		.uleb128 0xb
 748 0047 0B       		.uleb128 0xb
 749 0048 49       		.uleb128 0x49
 750 0049 13       		.uleb128 0x13
 751 004a 3A       		.uleb128 0x3a
 752 004b 0B       		.uleb128 0xb
 753 004c 3B       		.uleb128 0x3b
 754 004d 0B       		.uleb128 0xb
 755 004e 01       		.uleb128 0x1
ARM GAS  C:\Users\marti\AppData\Local\Temp\ccRG5rPm.s 			page 17


 756 004f 13       		.uleb128 0x13
 757 0050 00       		.byte	0
 758 0051 00       		.byte	0
 759 0052 07       		.uleb128 0x7
 760 0053 28       		.uleb128 0x28
 761 0054 00       		.byte	0
 762 0055 03       		.uleb128 0x3
 763 0056 0E       		.uleb128 0xe
 764 0057 1C       		.uleb128 0x1c
 765 0058 0B       		.uleb128 0xb
 766 0059 00       		.byte	0
 767 005a 00       		.byte	0
 768 005b 08       		.uleb128 0x8
 769 005c 2E       		.uleb128 0x2e
 770 005d 01       		.byte	0x1
 771 005e 3F       		.uleb128 0x3f
 772 005f 19       		.uleb128 0x19
 773 0060 03       		.uleb128 0x3
 774 0061 0E       		.uleb128 0xe
 775 0062 3A       		.uleb128 0x3a
 776 0063 0B       		.uleb128 0xb
 777 0064 3B       		.uleb128 0x3b
 778 0065 0B       		.uleb128 0xb
 779 0066 27       		.uleb128 0x27
 780 0067 19       		.uleb128 0x19
 781 0068 49       		.uleb128 0x49
 782 0069 13       		.uleb128 0x13
 783 006a 8701     		.uleb128 0x87
 784 006c 19       		.uleb128 0x19
 785 006d 11       		.uleb128 0x11
 786 006e 01       		.uleb128 0x1
 787 006f 12       		.uleb128 0x12
 788 0070 06       		.uleb128 0x6
 789 0071 40       		.uleb128 0x40
 790 0072 18       		.uleb128 0x18
 791 0073 9742     		.uleb128 0x2117
 792 0075 19       		.uleb128 0x19
 793 0076 01       		.uleb128 0x1
 794 0077 13       		.uleb128 0x13
 795 0078 00       		.byte	0
 796 0079 00       		.byte	0
 797 007a 09       		.uleb128 0x9
 798 007b 34       		.uleb128 0x34
 799 007c 00       		.byte	0
 800 007d 03       		.uleb128 0x3
 801 007e 0E       		.uleb128 0xe
 802 007f 3A       		.uleb128 0x3a
 803 0080 0B       		.uleb128 0xb
 804 0081 3B       		.uleb128 0x3b
 805 0082 0B       		.uleb128 0xb
 806 0083 49       		.uleb128 0x49
 807 0084 13       		.uleb128 0x13
 808 0085 02       		.uleb128 0x2
 809 0086 18       		.uleb128 0x18
 810 0087 00       		.byte	0
 811 0088 00       		.byte	0
 812 0089 0A       		.uleb128 0xa
ARM GAS  C:\Users\marti\AppData\Local\Temp\ccRG5rPm.s 			page 18


 813 008a 34       		.uleb128 0x34
 814 008b 00       		.byte	0
 815 008c 03       		.uleb128 0x3
 816 008d 0E       		.uleb128 0xe
 817 008e 3A       		.uleb128 0x3a
 818 008f 0B       		.uleb128 0xb
 819 0090 3B       		.uleb128 0x3b
 820 0091 0B       		.uleb128 0xb
 821 0092 49       		.uleb128 0x49
 822 0093 13       		.uleb128 0x13
 823 0094 02       		.uleb128 0x2
 824 0095 17       		.uleb128 0x17
 825 0096 00       		.byte	0
 826 0097 00       		.byte	0
 827 0098 0B       		.uleb128 0xb
 828 0099 34       		.uleb128 0x34
 829 009a 00       		.byte	0
 830 009b 03       		.uleb128 0x3
 831 009c 0E       		.uleb128 0xe
 832 009d 3A       		.uleb128 0x3a
 833 009e 0B       		.uleb128 0xb
 834 009f 3B       		.uleb128 0x3b
 835 00a0 0B       		.uleb128 0xb
 836 00a1 49       		.uleb128 0x49
 837 00a2 13       		.uleb128 0x13
 838 00a3 1C       		.uleb128 0x1c
 839 00a4 0D       		.uleb128 0xd
 840 00a5 00       		.byte	0
 841 00a6 00       		.byte	0
 842 00a7 0C       		.uleb128 0xc
 843 00a8 0B       		.uleb128 0xb
 844 00a9 01       		.byte	0x1
 845 00aa 11       		.uleb128 0x11
 846 00ab 01       		.uleb128 0x1
 847 00ac 12       		.uleb128 0x12
 848 00ad 06       		.uleb128 0x6
 849 00ae 01       		.uleb128 0x1
 850 00af 13       		.uleb128 0x13
 851 00b0 00       		.byte	0
 852 00b1 00       		.byte	0
 853 00b2 0D       		.uleb128 0xd
 854 00b3 898201   		.uleb128 0x4109
 855 00b6 01       		.byte	0x1
 856 00b7 11       		.uleb128 0x11
 857 00b8 01       		.uleb128 0x1
 858 00b9 31       		.uleb128 0x31
 859 00ba 13       		.uleb128 0x13
 860 00bb 01       		.uleb128 0x1
 861 00bc 13       		.uleb128 0x13
 862 00bd 00       		.byte	0
 863 00be 00       		.byte	0
 864 00bf 0E       		.uleb128 0xe
 865 00c0 8A8201   		.uleb128 0x410a
 866 00c3 00       		.byte	0
 867 00c4 02       		.uleb128 0x2
 868 00c5 18       		.uleb128 0x18
 869 00c6 9142     		.uleb128 0x2111
ARM GAS  C:\Users\marti\AppData\Local\Temp\ccRG5rPm.s 			page 19


 870 00c8 18       		.uleb128 0x18
 871 00c9 00       		.byte	0
 872 00ca 00       		.byte	0
 873 00cb 0F       		.uleb128 0xf
 874 00cc 898201   		.uleb128 0x4109
 875 00cf 01       		.byte	0x1
 876 00d0 11       		.uleb128 0x11
 877 00d1 01       		.uleb128 0x1
 878 00d2 31       		.uleb128 0x31
 879 00d3 13       		.uleb128 0x13
 880 00d4 00       		.byte	0
 881 00d5 00       		.byte	0
 882 00d6 10       		.uleb128 0x10
 883 00d7 898201   		.uleb128 0x4109
 884 00da 00       		.byte	0
 885 00db 11       		.uleb128 0x11
 886 00dc 01       		.uleb128 0x1
 887 00dd 31       		.uleb128 0x31
 888 00de 13       		.uleb128 0x13
 889 00df 00       		.byte	0
 890 00e0 00       		.byte	0
 891 00e1 11       		.uleb128 0x11
 892 00e2 01       		.uleb128 0x1
 893 00e3 01       		.byte	0x1
 894 00e4 49       		.uleb128 0x49
 895 00e5 13       		.uleb128 0x13
 896 00e6 01       		.uleb128 0x1
 897 00e7 13       		.uleb128 0x13
 898 00e8 00       		.byte	0
 899 00e9 00       		.byte	0
 900 00ea 12       		.uleb128 0x12
 901 00eb 21       		.uleb128 0x21
 902 00ec 00       		.byte	0
 903 00ed 49       		.uleb128 0x49
 904 00ee 13       		.uleb128 0x13
 905 00ef 2F       		.uleb128 0x2f
 906 00f0 0B       		.uleb128 0xb
 907 00f1 00       		.byte	0
 908 00f2 00       		.byte	0
 909 00f3 13       		.uleb128 0x13
 910 00f4 34       		.uleb128 0x34
 911 00f5 00       		.byte	0
 912 00f6 03       		.uleb128 0x3
 913 00f7 0E       		.uleb128 0xe
 914 00f8 3A       		.uleb128 0x3a
 915 00f9 0B       		.uleb128 0xb
 916 00fa 3B       		.uleb128 0x3b
 917 00fb 05       		.uleb128 0x5
 918 00fc 49       		.uleb128 0x49
 919 00fd 13       		.uleb128 0x13
 920 00fe 3F       		.uleb128 0x3f
 921 00ff 19       		.uleb128 0x19
 922 0100 3C       		.uleb128 0x3c
 923 0101 19       		.uleb128 0x19
 924 0102 00       		.byte	0
 925 0103 00       		.byte	0
 926 0104 14       		.uleb128 0x14
ARM GAS  C:\Users\marti\AppData\Local\Temp\ccRG5rPm.s 			page 20


 927 0105 35       		.uleb128 0x35
 928 0106 00       		.byte	0
 929 0107 49       		.uleb128 0x49
 930 0108 13       		.uleb128 0x13
 931 0109 00       		.byte	0
 932 010a 00       		.byte	0
 933 010b 15       		.uleb128 0x15
 934 010c 2E       		.uleb128 0x2e
 935 010d 00       		.byte	0
 936 010e 3F       		.uleb128 0x3f
 937 010f 19       		.uleb128 0x19
 938 0110 3C       		.uleb128 0x3c
 939 0111 19       		.uleb128 0x19
 940 0112 6E       		.uleb128 0x6e
 941 0113 0E       		.uleb128 0xe
 942 0114 03       		.uleb128 0x3
 943 0115 0E       		.uleb128 0xe
 944 0116 3A       		.uleb128 0x3a
 945 0117 0B       		.uleb128 0xb
 946 0118 3B       		.uleb128 0x3b
 947 0119 0B       		.uleb128 0xb
 948 011a 00       		.byte	0
 949 011b 00       		.byte	0
 950 011c 00       		.byte	0
 951              		.section	.debug_loc,"",%progbits
 952              	.Ldebug_loc0:
 953              	.LLST0:
 954 0000 76000000 		.4byte	.LVL8
 955 0004 8C000000 		.4byte	.LVL9
 956 0008 0100     		.2byte	0x1
 957 000a 50       		.byte	0x50
 958 000b 90000000 		.4byte	.LVL10
 959 000f F4000000 		.4byte	.LVL25
 960 0013 0100     		.2byte	0x1
 961 0015 50       		.byte	0x50
 962 0016 00000000 		.4byte	0
 963 001a 00000000 		.4byte	0
 964              	.LLST1:
 965 001e A4000000 		.4byte	.LVL11
 966 0022 A6000000 		.4byte	.LVL12
 967 0026 0100     		.2byte	0x1
 968 0028 53       		.byte	0x53
 969 0029 A6000000 		.4byte	.LVL12
 970 002d BA000000 		.4byte	.LVL15
 971 0031 1300     		.2byte	0x13
 972 0033 72       		.byte	0x72
 973 0034 00       		.sleb128 0
 974 0035 38       		.byte	0x38
 975 0036 24       		.byte	0x24
 976 0037 91       		.byte	0x91
 977 0038 70       		.sleb128 -16
 978 0039 94       		.byte	0x94
 979 003a 01       		.byte	0x1
 980 003b 08       		.byte	0x8
 981 003c FF       		.byte	0xff
 982 003d 1A       		.byte	0x1a
 983 003e 21       		.byte	0x21
ARM GAS  C:\Users\marti\AppData\Local\Temp\ccRG5rPm.s 			page 21


 984 003f 09       		.byte	0x9
 985 0040 F4       		.byte	0xf4
 986 0041 24       		.byte	0x24
 987 0042 09       		.byte	0x9
 988 0043 FA       		.byte	0xfa
 989 0044 26       		.byte	0x26
 990 0045 9F       		.byte	0x9f
 991 0046 BA000000 		.4byte	.LVL15
 992 004a F7000000 		.4byte	.LVL26-1
 993 004e 1800     		.2byte	0x18
 994 0050 91       		.byte	0x91
 995 0051 71       		.sleb128 -15
 996 0052 94       		.byte	0x94
 997 0053 01       		.byte	0x1
 998 0054 08       		.byte	0x8
 999 0055 FF       		.byte	0xff
 1000 0056 1A       		.byte	0x1a
 1001 0057 38       		.byte	0x38
 1002 0058 24       		.byte	0x24
 1003 0059 91       		.byte	0x91
 1004 005a 70       		.sleb128 -16
 1005 005b 94       		.byte	0x94
 1006 005c 01       		.byte	0x1
 1007 005d 08       		.byte	0x8
 1008 005e FF       		.byte	0xff
 1009 005f 1A       		.byte	0x1a
 1010 0060 21       		.byte	0x21
 1011 0061 09       		.byte	0x9
 1012 0062 F4       		.byte	0xf4
 1013 0063 24       		.byte	0x24
 1014 0064 09       		.byte	0x9
 1015 0065 FA       		.byte	0xfa
 1016 0066 26       		.byte	0x26
 1017 0067 9F       		.byte	0x9f
 1018 0068 00000000 		.4byte	0
 1019 006c 00000000 		.4byte	0
 1020              	.LLST2:
 1021 0070 A8000000 		.4byte	.LVL13
 1022 0074 AE000000 		.4byte	.LVL14
 1023 0078 0100     		.2byte	0x1
 1024 007a 53       		.byte	0x53
 1025 007b AE000000 		.4byte	.LVL14
 1026 007f BA000000 		.4byte	.LVL15
 1027 0083 1500     		.2byte	0x15
 1028 0085 72       		.byte	0x72
 1029 0086 00       		.sleb128 0
 1030 0087 38       		.byte	0x38
 1031 0088 24       		.byte	0x24
 1032 0089 91       		.byte	0x91
 1033 008a 70       		.sleb128 -16
 1034 008b 94       		.byte	0x94
 1035 008c 01       		.byte	0x1
 1036 008d 08       		.byte	0x8
 1037 008e FF       		.byte	0xff
 1038 008f 1A       		.byte	0x1a
 1039 0090 21       		.byte	0x21
 1040 0091 09       		.byte	0x9
ARM GAS  C:\Users\marti\AppData\Local\Temp\ccRG5rPm.s 			page 22


 1041 0092 F4       		.byte	0xf4
 1042 0093 24       		.byte	0x24
 1043 0094 09       		.byte	0x9
 1044 0095 FA       		.byte	0xfa
 1045 0096 26       		.byte	0x26
 1046 0097 32       		.byte	0x32
 1047 0098 24       		.byte	0x24
 1048 0099 9F       		.byte	0x9f
 1049 009a BA000000 		.4byte	.LVL15
 1050 009e F7000000 		.4byte	.LVL26-1
 1051 00a2 1A00     		.2byte	0x1a
 1052 00a4 91       		.byte	0x91
 1053 00a5 71       		.sleb128 -15
 1054 00a6 94       		.byte	0x94
 1055 00a7 01       		.byte	0x1
 1056 00a8 08       		.byte	0x8
 1057 00a9 FF       		.byte	0xff
 1058 00aa 1A       		.byte	0x1a
 1059 00ab 38       		.byte	0x38
 1060 00ac 24       		.byte	0x24
 1061 00ad 91       		.byte	0x91
 1062 00ae 70       		.sleb128 -16
 1063 00af 94       		.byte	0x94
 1064 00b0 01       		.byte	0x1
 1065 00b1 08       		.byte	0x8
 1066 00b2 FF       		.byte	0xff
 1067 00b3 1A       		.byte	0x1a
 1068 00b4 21       		.byte	0x21
 1069 00b5 09       		.byte	0x9
 1070 00b6 F4       		.byte	0xf4
 1071 00b7 24       		.byte	0x24
 1072 00b8 09       		.byte	0x9
 1073 00b9 FA       		.byte	0xfa
 1074 00ba 26       		.byte	0x26
 1075 00bb 32       		.byte	0x32
 1076 00bc 24       		.byte	0x24
 1077 00bd 9F       		.byte	0x9f
 1078 00be 00000000 		.4byte	0
 1079 00c2 00000000 		.4byte	0
 1080              	.LLST3:
 1081 00c6 C2000000 		.4byte	.LVL16
 1082 00ca C4000000 		.4byte	.LVL17
 1083 00ce 0100     		.2byte	0x1
 1084 00d0 53       		.byte	0x53
 1085 00d1 C4000000 		.4byte	.LVL17
 1086 00d5 D8000000 		.4byte	.LVL20
 1087 00d9 1300     		.2byte	0x13
 1088 00db 72       		.byte	0x72
 1089 00dc 00       		.sleb128 0
 1090 00dd 38       		.byte	0x38
 1091 00de 24       		.byte	0x24
 1092 00df 91       		.byte	0x91
 1093 00e0 72       		.sleb128 -14
 1094 00e1 94       		.byte	0x94
 1095 00e2 01       		.byte	0x1
 1096 00e3 08       		.byte	0x8
 1097 00e4 FF       		.byte	0xff
ARM GAS  C:\Users\marti\AppData\Local\Temp\ccRG5rPm.s 			page 23


 1098 00e5 1A       		.byte	0x1a
 1099 00e6 21       		.byte	0x21
 1100 00e7 09       		.byte	0x9
 1101 00e8 F4       		.byte	0xf4
 1102 00e9 24       		.byte	0x24
 1103 00ea 09       		.byte	0x9
 1104 00eb FA       		.byte	0xfa
 1105 00ec 26       		.byte	0x26
 1106 00ed 9F       		.byte	0x9f
 1107 00ee D8000000 		.4byte	.LVL20
 1108 00f2 F7000000 		.4byte	.LVL26-1
 1109 00f6 1800     		.2byte	0x18
 1110 00f8 91       		.byte	0x91
 1111 00f9 73       		.sleb128 -13
 1112 00fa 94       		.byte	0x94
 1113 00fb 01       		.byte	0x1
 1114 00fc 08       		.byte	0x8
 1115 00fd FF       		.byte	0xff
 1116 00fe 1A       		.byte	0x1a
 1117 00ff 38       		.byte	0x38
 1118 0100 24       		.byte	0x24
 1119 0101 91       		.byte	0x91
 1120 0102 72       		.sleb128 -14
 1121 0103 94       		.byte	0x94
 1122 0104 01       		.byte	0x1
 1123 0105 08       		.byte	0x8
 1124 0106 FF       		.byte	0xff
 1125 0107 1A       		.byte	0x1a
 1126 0108 21       		.byte	0x21
 1127 0109 09       		.byte	0x9
 1128 010a F4       		.byte	0xf4
 1129 010b 24       		.byte	0x24
 1130 010c 09       		.byte	0x9
 1131 010d FA       		.byte	0xfa
 1132 010e 26       		.byte	0x26
 1133 010f 9F       		.byte	0x9f
 1134 0110 00000000 		.4byte	0
 1135 0114 00000000 		.4byte	0
 1136              	.LLST4:
 1137 0118 C6000000 		.4byte	.LVL18
 1138 011c CC000000 		.4byte	.LVL19
 1139 0120 0100     		.2byte	0x1
 1140 0122 53       		.byte	0x53
 1141 0123 CC000000 		.4byte	.LVL19
 1142 0127 D8000000 		.4byte	.LVL20
 1143 012b 1500     		.2byte	0x15
 1144 012d 72       		.byte	0x72
 1145 012e 00       		.sleb128 0
 1146 012f 38       		.byte	0x38
 1147 0130 24       		.byte	0x24
 1148 0131 91       		.byte	0x91
 1149 0132 72       		.sleb128 -14
 1150 0133 94       		.byte	0x94
 1151 0134 01       		.byte	0x1
 1152 0135 08       		.byte	0x8
 1153 0136 FF       		.byte	0xff
 1154 0137 1A       		.byte	0x1a
ARM GAS  C:\Users\marti\AppData\Local\Temp\ccRG5rPm.s 			page 24


 1155 0138 21       		.byte	0x21
 1156 0139 09       		.byte	0x9
 1157 013a F4       		.byte	0xf4
 1158 013b 24       		.byte	0x24
 1159 013c 09       		.byte	0x9
 1160 013d FA       		.byte	0xfa
 1161 013e 26       		.byte	0x26
 1162 013f 32       		.byte	0x32
 1163 0140 24       		.byte	0x24
 1164 0141 9F       		.byte	0x9f
 1165 0142 D8000000 		.4byte	.LVL20
 1166 0146 F7000000 		.4byte	.LVL26-1
 1167 014a 1A00     		.2byte	0x1a
 1168 014c 91       		.byte	0x91
 1169 014d 73       		.sleb128 -13
 1170 014e 94       		.byte	0x94
 1171 014f 01       		.byte	0x1
 1172 0150 08       		.byte	0x8
 1173 0151 FF       		.byte	0xff
 1174 0152 1A       		.byte	0x1a
 1175 0153 38       		.byte	0x38
 1176 0154 24       		.byte	0x24
 1177 0155 91       		.byte	0x91
 1178 0156 72       		.sleb128 -14
 1179 0157 94       		.byte	0x94
 1180 0158 01       		.byte	0x1
 1181 0159 08       		.byte	0x8
 1182 015a FF       		.byte	0xff
 1183 015b 1A       		.byte	0x1a
 1184 015c 21       		.byte	0x21
 1185 015d 09       		.byte	0x9
 1186 015e F4       		.byte	0xf4
 1187 015f 24       		.byte	0x24
 1188 0160 09       		.byte	0x9
 1189 0161 FA       		.byte	0xfa
 1190 0162 26       		.byte	0x26
 1191 0163 32       		.byte	0x32
 1192 0164 24       		.byte	0x24
 1193 0165 9F       		.byte	0x9f
 1194 0166 00000000 		.4byte	0
 1195 016a 00000000 		.4byte	0
 1196              	.LLST5:
 1197 016e E0000000 		.4byte	.LVL21
 1198 0172 E2000000 		.4byte	.LVL22
 1199 0176 0100     		.2byte	0x1
 1200 0178 53       		.byte	0x53
 1201 0179 E2000000 		.4byte	.LVL22
 1202 017d F7000000 		.4byte	.LVL26-1
 1203 0181 1300     		.2byte	0x13
 1204 0183 72       		.byte	0x72
 1205 0184 00       		.sleb128 0
 1206 0185 38       		.byte	0x38
 1207 0186 24       		.byte	0x24
 1208 0187 91       		.byte	0x91
 1209 0188 74       		.sleb128 -12
 1210 0189 94       		.byte	0x94
 1211 018a 01       		.byte	0x1
ARM GAS  C:\Users\marti\AppData\Local\Temp\ccRG5rPm.s 			page 25


 1212 018b 08       		.byte	0x8
 1213 018c FF       		.byte	0xff
 1214 018d 1A       		.byte	0x1a
 1215 018e 21       		.byte	0x21
 1216 018f 09       		.byte	0x9
 1217 0190 F4       		.byte	0xf4
 1218 0191 24       		.byte	0x24
 1219 0192 09       		.byte	0x9
 1220 0193 FA       		.byte	0xfa
 1221 0194 26       		.byte	0x26
 1222 0195 9F       		.byte	0x9f
 1223 0196 00000000 		.4byte	0
 1224 019a 00000000 		.4byte	0
 1225              	.LLST6:
 1226 019e E4000000 		.4byte	.LVL23
 1227 01a2 EA000000 		.4byte	.LVL24
 1228 01a6 0100     		.2byte	0x1
 1229 01a8 53       		.byte	0x53
 1230 01a9 EA000000 		.4byte	.LVL24
 1231 01ad F7000000 		.4byte	.LVL26-1
 1232 01b1 1500     		.2byte	0x15
 1233 01b3 72       		.byte	0x72
 1234 01b4 00       		.sleb128 0
 1235 01b5 38       		.byte	0x38
 1236 01b6 24       		.byte	0x24
 1237 01b7 91       		.byte	0x91
 1238 01b8 74       		.sleb128 -12
 1239 01b9 94       		.byte	0x94
 1240 01ba 01       		.byte	0x1
 1241 01bb 08       		.byte	0x8
 1242 01bc FF       		.byte	0xff
 1243 01bd 1A       		.byte	0x1a
 1244 01be 21       		.byte	0x21
 1245 01bf 09       		.byte	0x9
 1246 01c0 F4       		.byte	0xf4
 1247 01c1 24       		.byte	0x24
 1248 01c2 09       		.byte	0x9
 1249 01c3 FA       		.byte	0xfa
 1250 01c4 26       		.byte	0x26
 1251 01c5 32       		.byte	0x32
 1252 01c6 24       		.byte	0x24
 1253 01c7 9F       		.byte	0x9f
 1254 01c8 00000000 		.4byte	0
 1255 01cc 00000000 		.4byte	0
 1256              		.section	.debug_aranges,"",%progbits
 1257 0000 1C000000 		.4byte	0x1c
 1258 0004 0200     		.2byte	0x2
 1259 0006 00000000 		.4byte	.Ldebug_info0
 1260 000a 04       		.byte	0x4
 1261 000b 00       		.byte	0
 1262 000c 0000     		.2byte	0
 1263 000e 0000     		.2byte	0
 1264 0010 00000000 		.4byte	.LFB64
 1265 0014 FA000000 		.4byte	.LFE64-.LFB64
 1266 0018 00000000 		.4byte	0
 1267 001c 00000000 		.4byte	0
 1268              		.section	.debug_ranges,"",%progbits
ARM GAS  C:\Users\marti\AppData\Local\Temp\ccRG5rPm.s 			page 26


 1269              	.Ldebug_ranges0:
 1270 0000 00000000 		.4byte	.LFB64
 1271 0004 FA000000 		.4byte	.LFE64
 1272 0008 00000000 		.4byte	0
 1273 000c 00000000 		.4byte	0
 1274              		.section	.debug_line,"",%progbits
 1275              	.Ldebug_line0:
 1276 0000 C3010000 		.section	.debug_str,"MS",%progbits,1
 1276      02008A01 
 1276      00000201 
 1276      FB0E0D00 
 1276      01010101 
 1277              	.LASF47:
 1278 0000 433A5C55 		.ascii	"C:\\Users\\marti\\OneDrive\\Desktop\\PSoC_03_\\AY19"
 1278      73657273 
 1278      5C6D6172 
 1278      74695C4F 
 1278      6E654472 
 1279 002d 32305F49 		.ascii	"20_II_HW_05_PROJ_2.cydsn\000"
 1279      495F4857 
 1279      5F30355F 
 1279      50524F4A 
 1279      5F322E63 
 1280              	.LASF35:
 1281 0046 68656164 		.ascii	"header\000"
 1281      657200
 1282              	.LASF32:
 1283 004d 5A5F4F75 		.ascii	"Z_Out\000"
 1283      7400
 1284              	.LASF37:
 1285 0053 73746174 		.ascii	"status_reg\000"
 1285      75735F72 
 1285      656700
 1286              	.LASF3:
 1287 005e 5F5F696E 		.ascii	"__int16_t\000"
 1287      7431365F 
 1287      7400
 1288              	.LASF2:
 1289 0068 5F5F7569 		.ascii	"__uint8_t\000"
 1289      6E74385F 
 1289      7400
 1290              	.LASF6:
 1291 0072 5F5F696E 		.ascii	"__int32_t\000"
 1291      7433325F 
 1291      7400
 1292              	.LASF7:
 1293 007c 6C6F6E67 		.ascii	"long int\000"
 1293      20696E74 
 1293      00
 1294              	.LASF41:
 1295 0085 55415254 		.ascii	"UART_Debug_PutArray\000"
 1295      5F446562 
 1295      75675F50 
 1295      75744172 
 1295      72617900 
 1296              	.LASF21:
 1297 0099 4572726F 		.ascii	"ErrorCode\000"
ARM GAS  C:\Users\marti\AppData\Local\Temp\ccRG5rPm.s 			page 27


 1297      72436F64 
 1297      6500
 1298              	.LASF30:
 1299 00a3 595F4F75 		.ascii	"Y_Out\000"
 1299      7400
 1300              	.LASF16:
 1301 00a9 666C6F61 		.ascii	"float\000"
 1301      7400
 1302              	.LASF34:
 1303 00af 4F757441 		.ascii	"OutArray\000"
 1303      72726179 
 1303      00
 1304              	.LASF1:
 1305 00b8 756E7369 		.ascii	"unsigned char\000"
 1305      676E6564 
 1305      20636861 
 1305      7200
 1306              	.LASF33:
 1307 00c6 5A5F4F75 		.ascii	"Z_Out_mg\000"
 1307      745F6D67 
 1307      00
 1308              	.LASF15:
 1309 00cf 696E7431 		.ascii	"int16\000"
 1309      3600
 1310              	.LASF8:
 1311 00d5 6C6F6E67 		.ascii	"long unsigned int\000"
 1311      20756E73 
 1311      69676E65 
 1311      6420696E 
 1311      7400
 1312              	.LASF5:
 1313 00e7 73686F72 		.ascii	"short unsigned int\000"
 1313      7420756E 
 1313      7369676E 
 1313      65642069 
 1313      6E7400
 1314              	.LASF36:
 1315 00fa 666F6F74 		.ascii	"footer\000"
 1315      657200
 1316              	.LASF17:
 1317 0101 646F7562 		.ascii	"double\000"
 1317      6C6500
 1318              	.LASF40:
 1319 0108 4932435F 		.ascii	"I2C_Peripheral_ReadRegisterMulti\000"
 1319      50657269 
 1319      70686572 
 1319      616C5F52 
 1319      65616452 
 1320              	.LASF44:
 1321 0129 4932435F 		.ascii	"I2C_Peripheral_WriteRegister\000"
 1321      50657269 
 1321      70686572 
 1321      616C5F57 
 1321      72697465 
 1322              	.LASF31:
 1323 0146 595F4F75 		.ascii	"Y_Out_mg\000"
 1323      745F6D67 
ARM GAS  C:\Users\marti\AppData\Local\Temp\ccRG5rPm.s 			page 28


 1323      00
 1324              	.LASF24:
 1325 014f 6374726C 		.ascii	"ctrl_reg1\000"
 1325      5F726567 
 1325      3100
 1326              	.LASF48:
 1327 0159 6D61696E 		.ascii	"main\000"
 1327      00
 1328              	.LASF28:
 1329 015e 585F4F75 		.ascii	"X_Out\000"
 1329      7400
 1330              	.LASF26:
 1331 0164 6374726C 		.ascii	"ctrl_reg4\000"
 1331      5F726567 
 1331      3400
 1332              	.LASF11:
 1333 016e 756E7369 		.ascii	"unsigned int\000"
 1333      676E6564 
 1333      20696E74 
 1333      00
 1334              	.LASF10:
 1335 017b 6C6F6E67 		.ascii	"long long unsigned int\000"
 1335      206C6F6E 
 1335      6720756E 
 1335      7369676E 
 1335      65642069 
 1336              	.LASF12:
 1337 0192 75696E74 		.ascii	"uint8_t\000"
 1337      385F7400 
 1338              	.LASF13:
 1339 019a 696E7431 		.ascii	"int16_t\000"
 1339      365F7400 
 1340              	.LASF29:
 1341 01a2 585F4F75 		.ascii	"X_Out_mg\000"
 1341      745F6D67 
 1341      00
 1342              	.LASF45:
 1343 01ab 474E5520 		.ascii	"GNU C11 5.4.1 20160609 (release) [ARM/embedded-5-br"
 1343      43313120 
 1343      352E342E 
 1343      31203230 
 1343      31363036 
 1344 01de 616E6368 		.ascii	"anch revision 237715] -mcpu=cortex-m3 -mthumb -g -O"
 1344      20726576 
 1344      6973696F 
 1344      6E203233 
 1344      37373135 
 1345 0211 67202D66 		.ascii	"g -ffunction-sections -ffat-lto-objects\000"
 1345      66756E63 
 1345      74696F6E 
 1345      2D736563 
 1345      74696F6E 
 1346              	.LASF14:
 1347 0239 696E7433 		.ascii	"int32_t\000"
 1347      325F7400 
 1348              	.LASF23:
 1349 0241 73697A65 		.ascii	"sizetype\000"
ARM GAS  C:\Users\marti\AppData\Local\Temp\ccRG5rPm.s 			page 29


 1349      74797065 
 1349      00
 1350              	.LASF25:
 1351 024a 6572726F 		.ascii	"error\000"
 1351      7200
 1352              	.LASF9:
 1353 0250 6C6F6E67 		.ascii	"long long int\000"
 1353      206C6F6E 
 1353      6720696E 
 1353      7400
 1354              	.LASF43:
 1355 025e 55415254 		.ascii	"UART_Debug_Start\000"
 1355      5F446562 
 1355      75675F53 
 1355      74617274 
 1355      00
 1356              	.LASF46:
 1357 026f 6D61696E 		.ascii	"main.c\000"
 1357      2E6300
 1358              	.LASF18:
 1359 0276 63686172 		.ascii	"char\000"
 1359      00
 1360              	.LASF39:
 1361 027b 4932435F 		.ascii	"I2C_Peripheral_ReadRegister\000"
 1361      50657269 
 1361      70686572 
 1361      616C5F52 
 1361      65616452 
 1362              	.LASF49:
 1363 0297 49544D5F 		.ascii	"ITM_RxBuffer\000"
 1363      52784275 
 1363      66666572 
 1363      00
 1364              	.LASF4:
 1365 02a4 73686F72 		.ascii	"short int\000"
 1365      7420696E 
 1365      7400
 1366              	.LASF19:
 1367 02ae 4E4F5F45 		.ascii	"NO_ERROR\000"
 1367      52524F52 
 1367      00
 1368              	.LASF20:
 1369 02b7 4552524F 		.ascii	"ERROR\000"
 1369      5200
 1370              	.LASF22:
 1371 02bd 6C6F6E67 		.ascii	"long double\000"
 1371      20646F75 
 1371      626C6500 
 1372              	.LASF0:
 1373 02c9 7369676E 		.ascii	"signed char\000"
 1373      65642063 
 1373      68617200 
 1374              	.LASF38:
 1375 02d5 43794465 		.ascii	"CyDelay\000"
 1375      6C617900 
 1376              	.LASF27:
 1377 02dd 41636365 		.ascii	"AccelerationData\000"
ARM GAS  C:\Users\marti\AppData\Local\Temp\ccRG5rPm.s 			page 30


 1377      6C657261 
 1377      74696F6E 
 1377      44617461 
 1377      00
 1378              	.LASF42:
 1379 02ee 4932435F 		.ascii	"I2C_Peripheral_Start\000"
 1379      50657269 
 1379      70686572 
 1379      616C5F53 
 1379      74617274 
 1380              		.ident	"GCC: (GNU Tools for ARM Embedded Processors) 5.4.1 20160609 (release) [ARM/embedded-5-bran
